*design* DebussyLib (btIdent Verdi3_L-2016.06-1)
Command arguments:
    +define+verilog
    -sv
    -f filelist.f
        /home/tools/intelFPGA_pro/17.1/quartus/../ip/altera/sopc_builder_ip/verification/lib/verbosity_pkg.sv
        /home/tools/intelFPGA_pro/17.1/quartus/../ip/altera/sopc_builder_ip/verification/lib/avalon_mm_pkg.sv
        /home/tools/intelFPGA_pro/17.1/quartus/../ip/altera/sopc_builder_ip/verification/lib/avalon_utilities_pkg.sv
        /home/tools/intelFPGA_pro/17.1/quartus/../ip/altera/sopc_builder_ip/verification/altera_avalon_mm_master_bfm/altera_avalon_mm_master_bfm.sv
        /home/tools/intelFPGA_pro/17.1/quartus/../ip/altera/sopc_builder_ip/verification/altera_avalon_st_sink_bfm/altera_avalon_st_sink_bfm.sv
        /home/tools/intelFPGA_pro/17.1/quartus/../ip/altera/sopc_builder_ip/verification/altera_avalon_st_source_bfm/altera_avalon_st_source_bfm.sv
        -v /home/tools/intelFPGA_pro/17.1/quartus/eda/sim_lib/altera_primitives.v
        -v /home/tools/intelFPGA_pro/17.1/quartus/eda/sim_lib/220model.v
        -v /home/tools/intelFPGA_pro/17.1/quartus/eda/sim_lib/sgate.v
        -v /home/tools/intelFPGA_pro/17.1/quartus/eda/sim_lib/altera_mf.v
        /home/tools/intelFPGA_pro/17.1/quartus/eda/sim_lib/altera_lnsim.sv
        -v /home/tools/intelFPGA_pro/17.1/quartus/eda/sim_lib/twentynm_atoms.v
        -v /home/tools/intelFPGA_pro/17.1/quartus/eda/sim_lib/synopsys/twentynm_atoms_ncrypt.v
        -v /home/tools/intelFPGA_pro/17.1/quartus/eda/sim_lib/synopsys/twentynm_hssi_atoms_ncrypt.v
        -v /home/tools/intelFPGA_pro/17.1/quartus/eda/sim_lib/twentynm_hssi_atoms.v
        -v /home/tools/intelFPGA_pro/17.1/quartus/eda/sim_lib/synopsys/twentynm_hip_atoms_ncrypt.v
        -v /home/tools/intelFPGA_pro/17.1/quartus/eda/sim_lib/twentynm_hip_atoms.v
        ./../../models/tb_top.sv
        ./../../../../rtl/eth_traffic_controller/altera_avalon_sc_fifo.v
        ./../../../../rtl/eth_traffic_controller/avalon_st_gen.v
        ./../../../../rtl/eth_traffic_controller/avalon_st_loopback.sv
        ./../../../../rtl/eth_traffic_controller/avalon_st_loopback_csr.v
        ./../../../../rtl/eth_traffic_controller/avalon_st_mon.v
        ./../../../../rtl/eth_traffic_controller/avalon_st_prtmux.v
        ./../../../../rtl/eth_traffic_controller/eth_std_traffic_controller_top.v
        ./../../../../rtl/eth_traffic_controller/shiftreg_ctrl.v
        ./../../../../rtl/eth_traffic_controller/shiftreg_data.v
        ./../../../../rtl/eth_traffic_controller/crc32/avalon_st_to_crc_if_bridge.v
        ./../../../../rtl/eth_traffic_controller/crc32/bit_endian_converter.v
        ./../../../../rtl/eth_traffic_controller/crc32/byte_endian_converter.v
        ./../../../../rtl/eth_traffic_controller/crc32/crc_checksum_aligner.v
        ./../../../../rtl/eth_traffic_controller/crc32/crc_comparator.v
        ./../../../../rtl/eth_traffic_controller/crc32/crc32_calculator.v
        ./../../../../rtl/eth_traffic_controller/crc32/crc32_chk.v
        ./../../../../rtl/eth_traffic_controller/crc32/crc32_gen.v
        ./../../../../rtl/eth_traffic_controller/crc32/crc32_lib/crc_ethernet.v
        ./../../../../rtl/eth_traffic_controller/crc32/crc32_lib/crc_register.v
        ./../../../../rtl/eth_traffic_controller/crc32/crc32_lib/crc32_dat8.v
        ./../../../../rtl/eth_traffic_controller/crc32/crc32_lib/crc32_dat16.v
        ./../../../../rtl/eth_traffic_controller/crc32/crc32_lib/crc32_dat24.v
        ./../../../../rtl/eth_traffic_controller/crc32/crc32_lib/crc32_dat32.v
        ./../../../../rtl/eth_traffic_controller/crc32/crc32_lib/crc32_dat32_any_byte.v
        ./../../../../rtl/eth_traffic_controller/crc32/crc32_lib/crc32_dat40.v
        ./../../../../rtl/eth_traffic_controller/crc32/crc32_lib/crc32_dat48.v
        ./../../../../rtl/eth_traffic_controller/crc32/crc32_lib/crc32_dat56.v
        ./../../../../rtl/eth_traffic_controller/crc32/crc32_lib/crc32_dat64.v
        ./../../../../rtl/eth_traffic_controller/crc32/crc32_lib/crc32_dat64_any_byte.v
        ./../../../../rtl/eth_traffic_controller/crc32/crc32_lib/xor6.v
        ./../../../../rtl/altera_eth_10g_mac_base_r.sv
        ./../../../../rtl/altera_eth_10g_mac_base_r_wrap.v
        ./../../../../rtl/phy/altera_eth_10gbaser_phy/altera_xcvr_native_a10_1711/sim/altera_xcvr_native_a10_functions_h.sv
        ./../../../../rtl/phy/altera_eth_10gbaser_phy/altera_xcvr_native_a10_1711/sim/alt_xcvr_resync.sv
        ./../../../../rtl/phy/altera_eth_10gbaser_phy/altera_xcvr_native_a10_1711/sim/alt_xcvr_arbiter.sv
        ./../../../../rtl/phy/altera_eth_10gbaser_phy/altera_xcvr_native_a10_1711/sim/twentynm_pcs.sv
        ./../../../../rtl/phy/altera_eth_10gbaser_phy/altera_xcvr_native_a10_1711/sim/twentynm_pma.sv
        ./../../../../rtl/phy/altera_eth_10gbaser_phy/altera_xcvr_native_a10_1711/sim/twentynm_xcvr_avmm.sv
        ./../../../../rtl/phy/altera_eth_10gbaser_phy/altera_xcvr_native_a10_1711/sim/twentynm_xcvr_native.sv
        ./../../../../rtl/phy/altera_eth_10gbaser_phy/altera_xcvr_native_a10_1711/sim/a10_avmm_h.sv
        ./../../../../rtl/phy/altera_eth_10gbaser_phy/altera_xcvr_native_a10_1711/sim/alt_xcvr_native_pipe_retry.sv
        ./../../../../rtl/phy/altera_eth_10gbaser_phy/altera_xcvr_native_a10_1711/sim/alt_xcvr_native_avmm_csr.sv
        ./../../../../rtl/phy/altera_eth_10gbaser_phy/altera_xcvr_native_a10_1711/sim/alt_xcvr_native_prbs_accum.sv
        ./../../../../rtl/phy/altera_eth_10gbaser_phy/altera_xcvr_native_a10_1711/sim/alt_xcvr_native_odi_accel.sv
        ./../../../../rtl/phy/altera_eth_10gbaser_phy/altera_xcvr_native_a10_1711/sim/alt_xcvr_native_rcfg_arb.sv
        ./../../../../rtl/phy/altera_eth_10gbaser_phy/altera_xcvr_native_a10_1711/sim/altera_xcvr_native_pcie_dfe_params_h.sv
        ./../../../../rtl/phy/altera_eth_10gbaser_phy/altera_xcvr_native_a10_1711/sim/pcie_mgmt_commands_h.sv
        ./../../../../rtl/phy/altera_eth_10gbaser_phy/altera_xcvr_native_a10_1711/sim/pcie_mgmt_functions_h.sv
        ./../../../../rtl/phy/altera_eth_10gbaser_phy/altera_xcvr_native_a10_1711/sim/pcie_mgmt_program.sv
        ./../../../../rtl/phy/altera_eth_10gbaser_phy/altera_xcvr_native_a10_1711/sim/pcie_mgmt_cpu.sv
        ./../../../../rtl/phy/altera_eth_10gbaser_phy/altera_xcvr_native_a10_1711/sim/pcie_mgmt_master.sv
        ./../../../../rtl/phy/altera_eth_10gbaser_phy/altera_xcvr_native_a10_1711/sim/altera_xcvr_native_pcie_dfe_ip.sv
        ./../../../../rtl/phy/altera_eth_10gbaser_phy/altera_xcvr_native_a10_1711/sim/altera_eth_10gbaser_phy_altera_xcvr_native_a10_1711_am4p5cy.sv
        ./../../../../rtl/phy/altera_eth_10gbaser_phy/altera_xcvr_native_a10_1711/sim/alt_xcvr_native_rcfg_opt_logic_am4p5cy.sv
        ./../../../../rtl/phy/altera_eth_10gbaser_phy/sim/altera_eth_10gbaser_phy.v
        ./../../../../rtl/address_decoder/ip/address_decode/address_decode_tx_sc_fifo_1/altera_merlin_slave_translator_171/sim/altera_merlin_slave_translator.sv
        ./../../../../rtl/address_decoder/ip/address_decode/address_decode_tx_sc_fifo_1/sim/address_decode_tx_sc_fifo_1.v
        ./../../../../rtl/address_decoder/ip/address_decode/address_decode_tx_xcvr_half_clk/sim/address_decode_tx_xcvr_half_clk.v
        ./../../../../rtl/address_decoder/ip/address_decode/address_decode_mm_to_phy_8/sim/address_decode_mm_to_phy_8.v
        ./../../../../rtl/address_decoder/ip/address_decode/address_decode_eth_gen_mon_7/sim/address_decode_eth_gen_mon_7.v
        ./../../../../rtl/address_decoder/ip/address_decode/address_decode_rx_sc_fifo_9/sim/address_decode_rx_sc_fifo_9.v
        ./../../../../rtl/address_decoder/ip/address_decode/address_decode_tx_sc_fifo_3/sim/address_decode_tx_sc_fifo_3.v
        ./../../../../rtl/address_decoder/ip/address_decode/address_decode_eth_gen_mon_5/sim/address_decode_eth_gen_mon_5.v
        ./../../../../rtl/address_decoder/ip/address_decode/address_decode_rx_sc_fifo_7/sim/address_decode_rx_sc_fifo_7.v
        ./../../../../rtl/address_decoder/ip/address_decode/address_decode_rx_sc_fifo_5/sim/address_decode_rx_sc_fifo_5.v
        ./../../../../rtl/address_decoder/ip/address_decode/address_decode_mm_to_phy_5/sim/address_decode_mm_to_phy_5.v
        ./../../../../rtl/address_decoder/ip/address_decode/address_decode_mm_to_phy_1/sim/address_decode_mm_to_phy_1.v
        ./../../../../rtl/address_decoder/ip/address_decode/address_decode_mm_to_mac_0/sim/address_decode_mm_to_mac_0.v
        ./../../../../rtl/address_decoder/ip/address_decode/address_decode_eth_gen_mon_0/sim/address_decode_eth_gen_mon_0.v
        ./../../../../rtl/address_decoder/ip/address_decode/address_decode_tx_sc_fifo_11/sim/address_decode_tx_sc_fifo_11.v
        ./../../../../rtl/address_decoder/ip/address_decode/address_decode_tx_sc_fifo_0/sim/address_decode_tx_sc_fifo_0.v
        ./../../../../rtl/address_decoder/ip/address_decode/address_decode_rx_sc_fifo_3/sim/address_decode_rx_sc_fifo_3.v
        ./../../../../rtl/address_decoder/ip/address_decode/address_decode_eth_gen_mon_3/sim/address_decode_eth_gen_mon_3.v
        ./../../../../rtl/address_decoder/ip/address_decode/address_decode_mm_to_mac_10/sim/address_decode_mm_to_mac_10.v
        ./../../../../rtl/address_decoder/ip/address_decode/address_decode_master_0/altera_jtag_dc_streaming_171/sim/altera_avalon_st_jtag_interface.v
        ./../../../../rtl/address_decoder/ip/address_decode/address_decode_master_0/altera_jtag_dc_streaming_171/sim/altera_jtag_dc_streaming.v
        ./../../../../rtl/address_decoder/ip/address_decode/address_decode_master_0/altera_jtag_dc_streaming_171/sim/altera_jtag_sld_node.v
        ./../../../../rtl/address_decoder/ip/address_decode/address_decode_master_0/altera_jtag_dc_streaming_171/sim/altera_jtag_streaming.v
        ./../../../../rtl/address_decoder/ip/address_decode/address_decode_master_0/altera_jtag_dc_streaming_171/sim/altera_avalon_st_clock_crosser.v
        ./../../../../rtl/address_decoder/ip/address_decode/address_decode_master_0/altera_jtag_dc_streaming_171/sim/altera_std_synchronizer_nocut.v
        ./../../../../rtl/address_decoder/ip/address_decode/address_decode_master_0/altera_jtag_dc_streaming_171/sim/altera_avalon_st_pipeline_base.v
        ./../../../../rtl/address_decoder/ip/address_decode/address_decode_master_0/altera_jtag_dc_streaming_171/sim/altera_avalon_st_idle_remover.v
        ./../../../../rtl/address_decoder/ip/address_decode/address_decode_master_0/altera_jtag_dc_streaming_171/sim/altera_avalon_st_idle_inserter.v
        ./../../../../rtl/address_decoder/ip/address_decode/address_decode_master_0/altera_jtag_dc_streaming_171/sim/altera_avalon_st_pipeline_stage.sv
        ./../../../../rtl/address_decoder/ip/address_decode/address_decode_master_0/timing_adapter_171/sim/address_decode_master_0_timing_adapter_171_xf5weri.sv
        ./../../../../rtl/address_decoder/ip/address_decode/address_decode_master_0/altera_avalon_st_bytes_to_packets_171/sim/altera_avalon_st_bytes_to_packets.v
        ./../../../../rtl/address_decoder/ip/address_decode/address_decode_master_0/altera_avalon_st_packets_to_bytes_171/sim/altera_avalon_st_packets_to_bytes.v
        ./../../../../rtl/address_decoder/ip/address_decode/address_decode_master_0/altera_avalon_packets_to_master_171/sim/altera_avalon_packets_to_master.v
        ./../../../../rtl/address_decoder/ip/address_decode/address_decode_master_0/channel_adapter_171/sim/address_decode_master_0_channel_adapter_171_2swajja.sv
        ./../../../../rtl/address_decoder/ip/address_decode/address_decode_master_0/channel_adapter_171/sim/address_decode_master_0_channel_adapter_171_vh2yu6y.sv
        ./../../../../rtl/address_decoder/ip/address_decode/address_decode_master_0/altera_reset_controller_171/sim/altera_reset_controller.v
        ./../../../../rtl/address_decoder/ip/address_decode/address_decode_master_0/altera_reset_controller_171/sim/altera_reset_synchronizer.v
        ./../../../../rtl/address_decoder/ip/address_decode/address_decode_master_0/altera_jtag_avalon_master_171/sim/address_decode_master_0_altera_jtag_avalon_master_171_wqhllki.v
        ./../../../../rtl/address_decoder/ip/address_decode/address_decode_master_0/sim/address_decode_master_0.v
        ./../../../../rtl/address_decoder/ip/address_decode/address_decode_rx_sc_fifo_4/sim/address_decode_rx_sc_fifo_4.v
        ./../../../../rtl/address_decoder/ip/address_decode/address_decode_clk_csr/sim/address_decode_clk_csr.v
        ./../../../../rtl/address_decoder/ip/address_decode/address_decode_mm_to_mac_4/sim/address_decode_mm_to_mac_4.v
        ./../../../../rtl/address_decoder/ip/address_decode/address_decode_rx_sc_fifo_6/sim/address_decode_rx_sc_fifo_6.v
        ./../../../../rtl/address_decoder/ip/address_decode/address_decode_mm_to_mac_2/sim/address_decode_mm_to_mac_2.v
        ./../../../../rtl/address_decoder/ip/address_decode/address_decode_mm_to_phy_9/sim/address_decode_mm_to_phy_9.v
        ./../../../../rtl/address_decoder/ip/address_decode/address_decode_mm_to_mac_11/sim/address_decode_mm_to_mac_11.v
        ./../../../../rtl/address_decoder/ip/address_decode/address_decode_tx_sc_fifo_10/sim/address_decode_tx_sc_fifo_10.v
        ./../../../../rtl/address_decoder/ip/address_decode/address_decode_tx_sc_fifo_4/sim/address_decode_tx_sc_fifo_4.v
        ./../../../../rtl/address_decoder/ip/address_decode/address_decode_mm_to_mac_5/sim/address_decode_mm_to_mac_5.v
        ./../../../../rtl/address_decoder/ip/address_decode/address_decode_mm_to_phy_3/sim/address_decode_mm_to_phy_3.v
        ./../../../../rtl/address_decoder/ip/address_decode/address_decode_rx_xcvr_clk/sim/address_decode_rx_xcvr_clk.v
        ./../../../../rtl/address_decoder/ip/address_decode/address_decode_mm_to_phy_2/sim/address_decode_mm_to_phy_2.v
        ./../../../../rtl/address_decoder/ip/address_decode/address_decode_rx_sc_fifo_8/sim/address_decode_rx_sc_fifo_8.v
        ./../../../../rtl/address_decoder/ip/address_decode/address_decode_mm_to_mac_8/sim/address_decode_mm_to_mac_8.v
        ./../../../../rtl/address_decoder/ip/address_decode/address_decode_eth_gen_mon_2/sim/address_decode_eth_gen_mon_2.v
        ./../../../../rtl/address_decoder/ip/address_decode/address_decode_mm_to_phy_10/sim/address_decode_mm_to_phy_10.v
        ./../../../../rtl/address_decoder/ip/address_decode/address_decode_mm_to_mac_7/sim/address_decode_mm_to_mac_7.v
        ./../../../../rtl/address_decoder/ip/address_decode/address_decode_mm_to_mac_1/sim/address_decode_mm_to_mac_1.v
        ./../../../../rtl/address_decoder/ip/address_decode/address_decode_eth_gen_mon_6/sim/address_decode_eth_gen_mon_6.v
        ./../../../../rtl/address_decoder/ip/address_decode/address_decode_mm_to_phy_4/sim/address_decode_mm_to_phy_4.v
        ./../../../../rtl/address_decoder/ip/address_decode/address_decode_tx_sc_fifo_8/sim/address_decode_tx_sc_fifo_8.v
        ./../../../../rtl/address_decoder/ip/address_decode/address_decode_mm_to_mac_9/sim/address_decode_mm_to_mac_9.v
        ./../../../../rtl/address_decoder/ip/address_decode/address_decode_tx_sc_fifo_5/sim/address_decode_tx_sc_fifo_5.v
        ./../../../../rtl/address_decoder/ip/address_decode/address_decode_eth_gen_mon_8/sim/address_decode_eth_gen_mon_8.v
        ./../../../../rtl/address_decoder/ip/address_decode/address_decode_rx_sc_fifo_2/sim/address_decode_rx_sc_fifo_2.v
        ./../../../../rtl/address_decoder/ip/address_decode/address_decode_rx_sc_fifo_0/sim/address_decode_rx_sc_fifo_0.v
        ./../../../../rtl/address_decoder/ip/address_decode/address_decode_eth_gen_mon_11/sim/address_decode_eth_gen_mon_11.v
        ./../../../../rtl/address_decoder/ip/address_decode/address_decode_mm_to_mac_6/sim/address_decode_mm_to_mac_6.v
        ./../../../../rtl/address_decoder/ip/address_decode/address_decode_mm_to_phy_7/sim/address_decode_mm_to_phy_7.v
        ./../../../../rtl/address_decoder/ip/address_decode/address_decode_tx_sc_fifo_9/sim/address_decode_tx_sc_fifo_9.v
        ./../../../../rtl/address_decoder/ip/address_decode/address_decode_eth_gen_mon_1/sim/address_decode_eth_gen_mon_1.v
        ./../../../../rtl/address_decoder/ip/address_decode/address_decode_rx_sc_fifo_10/sim/address_decode_rx_sc_fifo_10.v
        ./../../../../rtl/address_decoder/ip/address_decode/address_decode_tx_sc_fifo_6/sim/address_decode_tx_sc_fifo_6.v
        ./../../../../rtl/address_decoder/ip/address_decode/address_decode_tx_xcvr_clk/sim/address_decode_tx_xcvr_clk.v
        ./../../../../rtl/address_decoder/ip/address_decode/address_decode_mm_to_phy_0/sim/address_decode_mm_to_phy_0.v
        ./../../../../rtl/address_decoder/ip/address_decode/address_decode_mm_to_phy_11/sim/address_decode_mm_to_phy_11.v
        ./../../../../rtl/address_decoder/ip/address_decode/address_decode_mm_to_phy_6/sim/address_decode_mm_to_phy_6.v
        ./../../../../rtl/address_decoder/ip/address_decode/address_decode_eth_gen_mon_4/sim/address_decode_eth_gen_mon_4.v
        ./../../../../rtl/address_decoder/ip/address_decode/address_decode_mm_to_mac_3/sim/address_decode_mm_to_mac_3.v
        ./../../../../rtl/address_decoder/ip/address_decode/address_decode_eth_gen_mon_9/sim/address_decode_eth_gen_mon_9.v
        ./../../../../rtl/address_decoder/ip/address_decode/address_decode_eth_gen_mon_10/sim/address_decode_eth_gen_mon_10.v
        ./../../../../rtl/address_decoder/ip/address_decode/address_decode_rx_sc_fifo_11/sim/address_decode_rx_sc_fifo_11.v
        ./../../../../rtl/address_decoder/ip/address_decode/address_decode_merlin_master_translator_0/altera_merlin_master_translator_171/sim/altera_merlin_master_translator.sv
        ./../../../../rtl/address_decoder/ip/address_decode/address_decode_merlin_master_translator_0/sim/address_decode_merlin_master_translator_0.v
        ./../../../../rtl/address_decoder/ip/address_decode/address_decode_tx_sc_fifo_2/sim/address_decode_tx_sc_fifo_2.v
        ./../../../../rtl/address_decoder/ip/address_decode/address_decode_tx_sc_fifo_7/sim/address_decode_tx_sc_fifo_7.v
        ./../../../../rtl/address_decoder/ip/address_decode/address_decode_rx_sc_fifo_1/sim/address_decode_rx_sc_fifo_1.v
        ./../../../../rtl/address_decoder/address_decode/altera_merlin_master_agent_171/sim/altera_merlin_master_agent.sv
        ./../../../../rtl/address_decoder/address_decode/altera_merlin_slave_agent_171/sim/altera_merlin_slave_agent.sv
        ./../../../../rtl/address_decoder/address_decode/altera_merlin_slave_agent_171/sim/altera_merlin_burst_uncompressor.sv
        ./../../../../rtl/address_decoder/address_decode/altera_merlin_router_171/sim/address_decode_altera_merlin_router_171_w3toeyq.sv
        ./../../../../rtl/address_decoder/address_decode/altera_merlin_router_171/sim/address_decode_altera_merlin_router_171_bqlzivi.sv
        ./../../../../rtl/address_decoder/address_decode/altera_merlin_traffic_limiter_171/sim/altera_merlin_traffic_limiter.sv
        ./../../../../rtl/address_decoder/address_decode/altera_merlin_traffic_limiter_171/sim/altera_merlin_reorder_memory.sv
        ./../../../../rtl/address_decoder/address_decode/altera_merlin_burst_adapter_171/sim/altera_merlin_burst_adapter.sv
        ./../../../../rtl/address_decoder/address_decode/altera_merlin_burst_adapter_171/sim/altera_merlin_burst_adapter_uncmpr.sv
        ./../../../../rtl/address_decoder/address_decode/altera_merlin_burst_adapter_171/sim/altera_merlin_burst_adapter_13_1.sv
        ./../../../../rtl/address_decoder/address_decode/altera_merlin_burst_adapter_171/sim/altera_merlin_burst_adapter_new.sv
        ./../../../../rtl/address_decoder/address_decode/altera_merlin_burst_adapter_171/sim/altera_incr_burst_converter.sv
        ./../../../../rtl/address_decoder/address_decode/altera_merlin_burst_adapter_171/sim/altera_wrap_burst_converter.sv
        ./../../../../rtl/address_decoder/address_decode/altera_merlin_burst_adapter_171/sim/altera_default_burst_converter.sv
        ./../../../../rtl/address_decoder/address_decode/altera_merlin_burst_adapter_171/sim/altera_merlin_address_alignment.sv
        ./../../../../rtl/address_decoder/address_decode/altera_merlin_demultiplexer_171/sim/address_decode_altera_merlin_demultiplexer_171_onh36ji.sv
        ./../../../../rtl/address_decoder/address_decode/altera_merlin_multiplexer_171/sim/address_decode_altera_merlin_multiplexer_171_fakbnaa.sv
        ./../../../../rtl/address_decoder/address_decode/altera_merlin_multiplexer_171/sim/altera_merlin_arbitrator.sv
        ./../../../../rtl/address_decoder/address_decode/altera_merlin_demultiplexer_171/sim/address_decode_altera_merlin_demultiplexer_171_7pyrkka.sv
        ./../../../../rtl/address_decoder/address_decode/altera_merlin_multiplexer_171/sim/address_decode_altera_merlin_multiplexer_171_hwli37a.sv
        ./../../../../rtl/address_decoder/address_decode/altera_avalon_st_handshake_clock_crosser_171/sim/altera_avalon_st_handshake_clock_crosser.v
        ./../../../../rtl/address_decoder/address_decode/error_adapter_171/sim/address_decode_error_adapter_171_nt3czwq.sv
        ./../../../../rtl/address_decoder/address_decode/altera_avalon_st_adapter_171/sim/address_decode_altera_avalon_st_adapter_171_yxzsrmq.v
        ./../../../../rtl/address_decoder/address_decode/altera_mm_interconnect_171/sim/address_decode_altera_mm_interconnect_171_efl2mvi.v
        ./../../../../rtl/address_decoder/address_decode/sim/address_decode.v
        ./../../../../rtl/fifo_dcfifo/ip/dc_fifo/dc_fifo_0/altera_avalon_dc_fifo_171/sim/altera_avalon_dc_fifo.v
        ./../../../../rtl/fifo_dcfifo/ip/dc_fifo/dc_fifo_0/altera_avalon_dc_fifo_171/sim/altera_dcfifo_synchronizer_bundle.v
        ./../../../../rtl/fifo_dcfifo/ip/dc_fifo/dc_fifo_0/sim/dc_fifo_0.v
        ./../../../../rtl/fifo_dcfifo/dc_fifo/sim/dc_fifo.v
        ./../../../../rtl/fifo_scfifo/ip/sc_fifo/sc_fifo_rx_sc_fifo/sim/sc_fifo_rx_sc_fifo.v
        ./../../../../rtl/fifo_scfifo/ip/sc_fifo/sc_fifo_tx_sc_fifo/sim/sc_fifo_tx_sc_fifo.v
        ./../../../../rtl/fifo_scfifo/sc_fifo/sim/sc_fifo.v
        ./../../../../rtl/pll_atxpll/altera_xcvr_atx_pll_ip/altera_xcvr_atx_pll_a10_171/sim/alt_xcvr_atx_pll_rcfg_arb.sv
        ./../../../../rtl/pll_atxpll/altera_xcvr_atx_pll_ip/altera_xcvr_atx_pll_a10_171/sim/a10_xcvr_atx_pll.sv
        ./../../../../rtl/pll_atxpll/altera_xcvr_atx_pll_ip/altera_xcvr_atx_pll_a10_171/sim/alt_xcvr_pll_embedded_debug.sv
        ./../../../../rtl/pll_atxpll/altera_xcvr_atx_pll_ip/altera_xcvr_atx_pll_a10_171/sim/alt_xcvr_pll_avmm_csr.sv
        ./../../../../rtl/pll_atxpll/altera_xcvr_atx_pll_ip/altera_xcvr_atx_pll_a10_171/sim/altera_xcvr_atx_pll_ip_altera_xcvr_atx_pll_a10_171_guozvvi.sv
        ./../../../../rtl/pll_atxpll/altera_xcvr_atx_pll_ip/altera_xcvr_atx_pll_a10_171/sim/alt_xcvr_atx_pll_rcfg_opt_logic_guozvvi.sv
        ./../../../../rtl/pll_atxpll/altera_xcvr_atx_pll_ip/sim/altera_xcvr_atx_pll_ip.v
        ./../../../../rtl/pll_mpll/pll/altera_iopll_171/sim/pll_altera_iopll_171_ejgq7kq.vo
        ./../../../../rtl/pll_mpll/pll/sim/pll.v
        ./../../../../rtl/xcvr_reset_controller/reset_control/altera_xcvr_reset_control_171/sim/altera_xcvr_functions.sv
        ./../../../../rtl/xcvr_reset_controller/reset_control/altera_xcvr_reset_control_171/sim/altera_xcvr_reset_control.sv
        ./../../../../rtl/xcvr_reset_controller/reset_control/altera_xcvr_reset_control_171/sim/alt_xcvr_reset_counter.sv
        ./../../../../rtl/xcvr_reset_controller/reset_control/sim/reset_control.v
        ./../../../../rtl/mac/altera_eth_10g_mac/alt_em10g32_171/sim/synopsys/alt_em10g32.v
        ./../../../../rtl/mac/altera_eth_10g_mac/alt_em10g32_171/sim/synopsys/alt_em10g32unit.v
        ./../../../../rtl/mac/altera_eth_10g_mac/alt_em10g32_171/sim/synopsys/rtl/alt_em10g32_clk_rst.v
        ./../../../../rtl/mac/altera_eth_10g_mac/alt_em10g32_171/sim/synopsys/rtl/alt_em10g32_clock_crosser.v
        ./../../../../rtl/mac/altera_eth_10g_mac/alt_em10g32_171/sim/synopsys/rtl/alt_em10g32_crc32.v
        ./../../../../rtl/mac/altera_eth_10g_mac/alt_em10g32_171/sim/synopsys/rtl/alt_em10g32_crc32_gf_mult32_kc.v
        ./../../../../rtl/mac/altera_eth_10g_mac/alt_em10g32_171/sim/synopsys/rtl/alt_em10g32_creg_map.v
        ./../../../../rtl/mac/altera_eth_10g_mac/alt_em10g32_171/sim/synopsys/rtl/alt_em10g32_creg_top.v
        ./../../../../rtl/mac/altera_eth_10g_mac/alt_em10g32_171/sim/synopsys/rtl/alt_em10g32_frm_decoder.v
        ./../../../../rtl/mac/altera_eth_10g_mac/alt_em10g32_171/sim/synopsys/rtl/alt_em10g32_tx_rs_gmii_mii_layer.v
        ./../../../../rtl/mac/altera_eth_10g_mac/alt_em10g32_171/sim/synopsys/rtl/alt_em10g32_pipeline_base.v
        ./../../../../rtl/mac/altera_eth_10g_mac/alt_em10g32_171/sim/synopsys/rtl/alt_em10g32_reset_synchronizer.v
        ./../../../../rtl/mac/altera_eth_10g_mac/alt_em10g32_171/sim/synopsys/rtl/alt_em10g32_rr_clock_crosser.v
        ./../../../../rtl/mac/altera_eth_10g_mac/alt_em10g32_171/sim/synopsys/rtl/alt_em10g32_rst_cnt.v
        ./../../../../rtl/mac/altera_eth_10g_mac/alt_em10g32_171/sim/synopsys/rtl/alt_em10g32_rx_fctl_filter_crcpad_rem.v
        ./../../../../rtl/mac/altera_eth_10g_mac/alt_em10g32_171/sim/synopsys/rtl/alt_em10g32_rx_fctl_overflow.v
        ./../../../../rtl/mac/altera_eth_10g_mac/alt_em10g32_171/sim/synopsys/rtl/alt_em10g32_rx_fctl_preamble.v
        ./../../../../rtl/mac/altera_eth_10g_mac/alt_em10g32_171/sim/synopsys/rtl/alt_em10g32_rx_frm_control.v
        ./../../../../rtl/mac/altera_eth_10g_mac/alt_em10g32_171/sim/synopsys/rtl/alt_em10g32_rx_pfc_flow_control.v
        ./../../../../rtl/mac/altera_eth_10g_mac/alt_em10g32_171/sim/synopsys/rtl/alt_em10g32_rx_pfc_pause_conversion.v
        ./../../../../rtl/mac/altera_eth_10g_mac/alt_em10g32_171/sim/synopsys/rtl/alt_em10g32_rx_pkt_backpressure_control.v
        ./../../../../rtl/mac/altera_eth_10g_mac/alt_em10g32_171/sim/synopsys/rtl/alt_em10g32_rx_rs_gmii16b.v
        ./../../../../rtl/mac/altera_eth_10g_mac/alt_em10g32_171/sim/synopsys/rtl/alt_em10g32_rx_rs_gmii16b_top.v
        ./../../../../rtl/mac/altera_eth_10g_mac/alt_em10g32_171/sim/synopsys/rtl/alt_em10g32_rx_rs_gmii_mii.v
        ./../../../../rtl/mac/altera_eth_10g_mac/alt_em10g32_171/sim/synopsys/rtl/alt_em10g32_rx_rs_layer.v
        ./../../../../rtl/mac/altera_eth_10g_mac/alt_em10g32_171/sim/synopsys/rtl/alt_em10g32_rx_rs_xgmii.v
        ./../../../../rtl/mac/altera_eth_10g_mac/alt_em10g32_171/sim/synopsys/rtl/alt_em10g32_rx_status_aligner.v
        ./../../../../rtl/mac/altera_eth_10g_mac/alt_em10g32_171/sim/synopsys/rtl/alt_em10g32_rx_top.v
        ./../../../../rtl/mac/altera_eth_10g_mac/alt_em10g32_171/sim/synopsys/rtl/alt_em10g32_stat_mem.v
        ./../../../../rtl/mac/altera_eth_10g_mac/alt_em10g32_171/sim/synopsys/rtl/alt_em10g32_stat_reg.v
        ./../../../../rtl/mac/altera_eth_10g_mac/alt_em10g32_171/sim/synopsys/rtl/alt_em10g32_tx_data_frm_gen.v
        ./../../../../rtl/mac/altera_eth_10g_mac/alt_em10g32_171/sim/synopsys/rtl/alt_em10g32_tx_srcaddr_inserter.v
        ./../../../../rtl/mac/altera_eth_10g_mac/alt_em10g32_171/sim/synopsys/rtl/alt_em10g32_tx_err_aligner.v
        ./../../../../rtl/mac/altera_eth_10g_mac/alt_em10g32_171/sim/synopsys/rtl/alt_em10g32_tx_flow_control.v
        ./../../../../rtl/mac/altera_eth_10g_mac/alt_em10g32_171/sim/synopsys/rtl/alt_em10g32_tx_frm_arbiter.v
        ./../../../../rtl/mac/altera_eth_10g_mac/alt_em10g32_171/sim/synopsys/rtl/alt_em10g32_tx_frm_muxer.v
        ./../../../../rtl/mac/altera_eth_10g_mac/alt_em10g32_171/sim/synopsys/rtl/alt_em10g32_tx_pause_beat_conversion.v
        ./../../../../rtl/mac/altera_eth_10g_mac/alt_em10g32_171/sim/synopsys/rtl/alt_em10g32_tx_pause_frm_gen.v
        ./../../../../rtl/mac/altera_eth_10g_mac/alt_em10g32_171/sim/synopsys/rtl/alt_em10g32_tx_pause_req.v
        ./../../../../rtl/mac/altera_eth_10g_mac/alt_em10g32_171/sim/synopsys/rtl/alt_em10g32_tx_pfc_frm_gen.v
        ./../../../../rtl/mac/altera_eth_10g_mac/alt_em10g32_171/sim/synopsys/rtl/alt_em10g32_rr_buffer.v
        ./../../../../rtl/mac/altera_eth_10g_mac/alt_em10g32_171/sim/synopsys/rtl/alt_em10g32_tx_rs_gmii16b.v
        ./../../../../rtl/mac/altera_eth_10g_mac/alt_em10g32_171/sim/synopsys/rtl/alt_em10g32_tx_rs_gmii16b_top.v
        ./../../../../rtl/mac/altera_eth_10g_mac/alt_em10g32_171/sim/synopsys/rtl/alt_em10g32_tx_rs_layer.v
        ./../../../../rtl/mac/altera_eth_10g_mac/alt_em10g32_171/sim/synopsys/rtl/alt_em10g32_tx_rs_xgmii_layer.v
        ./../../../../rtl/mac/altera_eth_10g_mac/alt_em10g32_171/sim/synopsys/rtl/alt_em10g32_sc_fifo.v
        ./../../../../rtl/mac/altera_eth_10g_mac/alt_em10g32_171/sim/synopsys/rtl/alt_em10g32_tx_top.v
        ./../../../../rtl/mac/altera_eth_10g_mac/alt_em10g32_171/sim/synopsys/rtl/alt_em10g32_rx_gmii_decoder.v
        ./../../../../rtl/mac/altera_eth_10g_mac/alt_em10g32_171/sim/synopsys/rtl/alt_em10g32_rx_gmii_decoder_dfa.v
        ./../../../../rtl/mac/altera_eth_10g_mac/alt_em10g32_171/sim/synopsys/rtl/alt_em10g32_tx_gmii_encoder.v
        ./../../../../rtl/mac/altera_eth_10g_mac/alt_em10g32_171/sim/synopsys/rtl/alt_em10g32_tx_gmii_encoder_dfa.v
        ./../../../../rtl/mac/altera_eth_10g_mac/alt_em10g32_171/sim/synopsys/rtl/alt_em10g32_rx_gmii_mii_decoder_if.v
        ./../../../../rtl/mac/altera_eth_10g_mac/alt_em10g32_171/sim/synopsys/rtl/alt_em10g32_tx_gmii_mii_encoder_if.v
        ./../../../../rtl/mac/altera_eth_10g_mac/alt_em10g32_171/sim/synopsys/adapters/altera_eth_avalon_mm_adapter/altera_eth_avalon_mm_adapter.v
        ./../../../../rtl/mac/altera_eth_10g_mac/alt_em10g32_171/sim/synopsys/adapters/altera_eth_avalon_st_adapter/altera_eth_avalon_st_adapter.v
        ./../../../../rtl/mac/altera_eth_10g_mac/alt_em10g32_171/sim/synopsys/adapters/altera_eth_avalon_st_adapter/avalon_st_adapter_avalon_st_rx.v
        ./../../../../rtl/mac/altera_eth_10g_mac/alt_em10g32_171/sim/synopsys/adapters/altera_eth_avalon_st_adapter/avalon_st_adapter_avalon_st_tx.v
        ./../../../../rtl/mac/altera_eth_10g_mac/alt_em10g32_171/sim/synopsys/adapters/altera_eth_avalon_st_adapter/avalon_st_adapter.v
        ./../../../../rtl/mac/altera_eth_10g_mac/alt_em10g32_171/sim/synopsys/adapters/altera_eth_avalon_st_adapter/alt_em10g32_vldpkt_rddly.v
        ./../../../../rtl/mac/altera_eth_10g_mac/alt_em10g32_171/sim/synopsys/adapters/altera_eth_avalon_st_adapter/sideband_adapter_rx.v
        ./../../../../rtl/mac/altera_eth_10g_mac/alt_em10g32_171/sim/synopsys/adapters/altera_eth_avalon_st_adapter/sideband_adapter_tx.v
        ./../../../../rtl/mac/altera_eth_10g_mac/alt_em10g32_171/sim/synopsys/adapters/altera_eth_avalon_st_adapter/sideband_adapter.v
        ./../../../../rtl/mac/altera_eth_10g_mac/alt_em10g32_171/sim/synopsys/adapters/altera_eth_avalon_st_adapter/altera_eth_sideband_crosser.v
        ./../../../../rtl/mac/altera_eth_10g_mac/alt_em10g32_171/sim/synopsys/adapters/altera_eth_avalon_st_adapter/altera_eth_sideband_crosser_sync.v
        ./../../../../rtl/mac/altera_eth_10g_mac/alt_em10g32_171/sim/synopsys/adapters/altera_eth_xgmii_width_adaptor/alt_em10g_32_64_xgmii_conversion.v
        ./../../../../rtl/mac/altera_eth_10g_mac/alt_em10g32_171/sim/synopsys/adapters/altera_eth_xgmii_width_adaptor/alt_em10g_32_to_64_xgmii_conversion.v
        ./../../../../rtl/mac/altera_eth_10g_mac/alt_em10g32_171/sim/synopsys/adapters/altera_eth_xgmii_width_adaptor/alt_em10g_64_to_32_xgmii_conversion.v
        ./../../../../rtl/mac/altera_eth_10g_mac/alt_em10g32_171/sim/synopsys/adapters/altera_eth_xgmii_width_adaptor/alt_em10g_dcfifo_32_to_64_xgmii_conversion.v
        ./../../../../rtl/mac/altera_eth_10g_mac/alt_em10g32_171/sim/synopsys/adapters/altera_eth_xgmii_width_adaptor/alt_em10g_dcfifo_64_to_32_xgmii_conversion.v
        ./../../../../rtl/mac/altera_eth_10g_mac/alt_em10g32_171/sim/synopsys/adapters/altera_eth_xgmii_data_format_adapter/alt_em10g32_xgmii_32_to_64_adapter.v
        ./../../../../rtl/mac/altera_eth_10g_mac/alt_em10g32_171/sim/synopsys/adapters/altera_eth_xgmii_data_format_adapter/alt_em10g32_xgmii_64_to_32_adapter.v
        ./../../../../rtl/mac/altera_eth_10g_mac/alt_em10g32_171/sim/synopsys/adapters/altera_eth_xgmii_data_format_adapter/alt_em10g32_xgmii_data_format_adapter.v
        ./../../../../rtl/mac/altera_eth_10g_mac/alt_em10g32_171/sim/synopsys/rtl/alt_em10g32_altsyncram_bundle.v
        ./../../../../rtl/mac/altera_eth_10g_mac/alt_em10g32_171/sim/synopsys/rtl/alt_em10g32_altsyncram.v
        ./../../../../rtl/mac/altera_eth_10g_mac/alt_em10g32_171/sim/synopsys/rtl/alt_em10g32_avalon_dc_fifo_lat_calc.v
        ./../../../../rtl/mac/altera_eth_10g_mac/alt_em10g32_171/sim/synopsys/rtl/alt_em10g32_avalon_dc_fifo_hecc.v
        ./../../../../rtl/mac/altera_eth_10g_mac/alt_em10g32_171/sim/synopsys/rtl/alt_em10g32_avalon_dc_fifo_secc.v
        ./../../../../rtl/mac/altera_eth_10g_mac/alt_em10g32_171/sim/synopsys/rtl/alt_em10g32_avalon_sc_fifo.v
        ./../../../../rtl/mac/altera_eth_10g_mac/alt_em10g32_171/sim/synopsys/rtl/alt_em10g32_avalon_sc_fifo_hecc.v
        ./../../../../rtl/mac/altera_eth_10g_mac/alt_em10g32_171/sim/synopsys/rtl/alt_em10g32_avalon_sc_fifo_secc.v
        ./../../../../rtl/mac/altera_eth_10g_mac/alt_em10g32_171/sim/synopsys/rtl/alt_em10g32_ecc_dec_18_12.v
        ./../../../../rtl/mac/altera_eth_10g_mac/alt_em10g32_171/sim/synopsys/rtl/alt_em10g32_ecc_dec_39_32.v
        ./../../../../rtl/mac/altera_eth_10g_mac/alt_em10g32_171/sim/synopsys/rtl/alt_em10g32_ecc_enc_12_18.v
        ./../../../../rtl/mac/altera_eth_10g_mac/alt_em10g32_171/sim/synopsys/rtl/alt_em10g32_ecc_enc_32_39.v
        ./../../../../rtl/mac/altera_eth_10g_mac/alt_em10g32_171/sim/synopsys/rtl/alt_em10g32_tx_rs_xgmii_layer_ultra.v
        ./../../../../rtl/mac/altera_eth_10g_mac/alt_em10g32_171/sim/synopsys/rtl/alt_em10g32_rx_rs_xgmii_ultra.v
        ./../../../../rtl/mac/altera_eth_10g_mac/alt_em10g32_171/sim/synopsys/rtl/alt_em10g32_avst_to_gmii_if.v
        ./../../../../rtl/mac/altera_eth_10g_mac/alt_em10g32_171/sim/synopsys/rtl/alt_em10g32_gmii_to_avst_if.v
        ./../../../../rtl/mac/altera_eth_10g_mac/alt_em10g32_171/sim/synopsys/rtl/alt_em10g32_gmii_tsu.v
        ./../../../../rtl/mac/altera_eth_10g_mac/alt_em10g32_171/sim/synopsys/rtl/alt_em10g32_gmii16b_tsu.v
        ./../../../../rtl/mac/altera_eth_10g_mac/alt_em10g32_171/sim/synopsys/rtl/alt_em10g32_lpm_mult.v
        ./../../../../rtl/mac/altera_eth_10g_mac/alt_em10g32_171/sim/synopsys/rtl/alt_em10g32_rx_ptp_aligner.v
        ./../../../../rtl/mac/altera_eth_10g_mac/alt_em10g32_171/sim/synopsys/rtl/alt_em10g32_rx_ptp_detector.v
        ./../../../../rtl/mac/altera_eth_10g_mac/alt_em10g32_171/sim/synopsys/rtl/alt_em10g32_rx_ptp_top.v
        ./../../../../rtl/mac/altera_eth_10g_mac/alt_em10g32_171/sim/synopsys/rtl/alt_em10g32_tx_gmii_crc_inserter.v
        ./../../../../rtl/mac/altera_eth_10g_mac/alt_em10g32_171/sim/synopsys/rtl/alt_em10g32_tx_gmii16b_crc_inserter.v
        ./../../../../rtl/mac/altera_eth_10g_mac/alt_em10g32_171/sim/synopsys/rtl/alt_em10g32_tx_gmii_ptp_inserter.v
        ./../../../../rtl/mac/altera_eth_10g_mac/alt_em10g32_171/sim/synopsys/rtl/alt_em10g32_tx_gmii16b_ptp_inserter.v
        ./../../../../rtl/mac/altera_eth_10g_mac/alt_em10g32_171/sim/synopsys/rtl/alt_em10g32_tx_gmii16b_ptp_inserter_1g2p5g10g.v
        ./../../../../rtl/mac/altera_eth_10g_mac/alt_em10g32_171/sim/synopsys/rtl/alt_em10g32_tx_ptp_processor.v
        ./../../../../rtl/mac/altera_eth_10g_mac/alt_em10g32_171/sim/synopsys/rtl/alt_em10g32_tx_ptp_top.v
        ./../../../../rtl/mac/altera_eth_10g_mac/alt_em10g32_171/sim/synopsys/rtl/alt_em10g32_tx_xgmii_crc_inserter.v
        ./../../../../rtl/mac/altera_eth_10g_mac/alt_em10g32_171/sim/synopsys/rtl/alt_em10g32_tx_xgmii_ptp_inserter.v
        ./../../../../rtl/mac/altera_eth_10g_mac/alt_em10g32_171/sim/synopsys/rtl/alt_em10g32_xgmii_tsu.v
        ./../../../../rtl/mac/altera_eth_10g_mac/alt_em10g32_171/sim/synopsys/rtl/alt_em10g32_crc328generator.v
        ./../../../../rtl/mac/altera_eth_10g_mac/alt_em10g32_171/sim/synopsys/rtl/alt_em10g32_crc32ctl8.v
        ./../../../../rtl/mac/altera_eth_10g_mac/alt_em10g32_171/sim/synopsys/rtl/alt_em10g32_crc32galois8.v
        ./../../../../rtl/mac/altera_eth_10g_mac/alt_em10g32_171/sim/synopsys/rtl/alt_em10g32_gmii_crc_inserter.v
        ./../../../../rtl/mac/altera_eth_10g_mac/alt_em10g32_171/sim/synopsys/rtl/alt_em10g32_gmii16b_crc_inserter.v
        ./../../../../rtl/mac/altera_eth_10g_mac/alt_em10g32_171/sim/synopsys/rtl/alt_em10g32_gmii16b_crc32.v
        ./../../../../rtl/mac/altera_eth_10g_mac/alt_em10g32_171/sim/alt_em10g32_avalon_dc_fifo.v
        ./../../../../rtl/mac/altera_eth_10g_mac/alt_em10g32_171/sim/alt_em10g32_dcfifo_synchronizer_bundle.v
        ./../../../../rtl/mac/altera_eth_10g_mac/alt_em10g32_171/sim/alt_em10g32_std_synchronizer.v
        ./../../../../rtl/mac/altera_eth_10g_mac/sim/altera_eth_10g_mac.v


*Error* `include file "eth_register_map_params_pkg.sv" cannot be read
"./../../models/tb_top.sv", 18: 

*Error* `include file "avalon_driver.sv" cannot be read
"./../../models/tb_top.sv", 19: 

*Error* `include file "avalon_st_eth_packet_monitor.sv" cannot be read
"./../../models/tb_top.sv", 20: 

*Error* `include file "default_test_params_pkg.sv" cannot be read
"./../../models/tb_top.sv", 21: 

*Error* failed to find the package 'avalon_if_params_pkt'.
"./../../models/tb_top.sv", 32: 

*Error* failed to find the package 'eth_register_map_params_pkg'.
"./../../models/tb_top.sv", 35: 

*Error* failed to find the package 'default_test_params_pkt'.
"./../../models/tb_top.sv", 38: 
Highest level modules:
altera_avalon_mm_master_bfm
altera_avalon_st_sink_bfm
altera_avalon_st_source_bfm
generic_cdr
generic_m20k
generic_m10k
common_porta_latches
generic_28nm_hp_mlab_cell_impl
generic_28nm_lc_mlab_cell_impl
generic_14nm_mlab_cell_impl
generic_mux
generic_device_pll
altera_mult_add
altera_pll_reconfig_tasks
altera_syncram
altera_pll
fourteennm_simple_iopll
fourteennm_ff_pr
twentynm_prblock_if
twentynm_prblock
altera_pr_persona_if
altera_pr_wrapper_mux_out
altera_pr_wrapper_mux_in
lcell_comb_generic
ff_generic
tb_top
avalon_st_prtmux
bit_endian_converter
dc_fifo
alt_xcvr_pll_embedded_debug
alt_em10g32_avalon_dc_fifo


*Error* failed to find identifier NUM_CHANNELS
"./../../models/tb_top.sv", 165: 

*Error* failed to find identifier NUM_CHANNELS
"./../../models/tb_top.sv", 167: 

*Error* failed to find identifier NUM_CHANNELS
"./../../models/tb_top.sv", 168: 

*Error* failed to find identifier NUM_CHANNELS
"./../../models/tb_top.sv", 171: 

*Error* failed to find identifier NUM_CHANNELS
"./../../models/tb_top.sv", 183: 

*Error* failed to find identifier NUM_CHANNELS
"./../../models/tb_top.sv", 199: 

*Error* failed to find identifier DEVICE_FAMILY
"./../../models/tb_top.sv", 200: 

*Error* failed to find identifier AVALON_ST_RX_ST_ERROR_W
"./../../models/tb_top.sv", 309: 

*Error* failed to find identifier AVALON_ST_RX_ST_EMPTY_W
"./../../models/tb_top.sv", 310: 

*Error* failed to find identifier AVALON_ST_RX_ST_NUMSYMBOLS
"./../../models/tb_top.sv", 311: 

*Error* failed to find identifier AVALON_ST_TX_ST_ERROR_W
"./../../models/tb_top.sv", 329: 

*Error* failed to find identifier AVALON_ST_TX_ST_EMPTY_W
"./../../models/tb_top.sv", 330: 

*Error* failed to find identifier AVALON_ST_TX_ST_NUMSYMBOLS
"./../../models/tb_top.sv", 331: 

*Error* failed to find identifier U_AVALON_DRIVER.avalon_mm_csr_rd64
"./../../models/tb_top.sv", 420: 

*Error* failed to find identifier STATISTICS_framesOK_OFFSET
"./../../models/tb_top.sv", 420: 

*Error* failed to find identifier U_AVALON_DRIVER.avalon_mm_csr_rd64
"./../../models/tb_top.sv", 421: 

*Error* failed to find identifier STATISTICS_framesErr_OFFSET
"./../../models/tb_top.sv", 421: 

*Error* failed to find identifier U_AVALON_DRIVER.avalon_mm_csr_rd64
"./../../models/tb_top.sv", 422: 

*Error* failed to find identifier STATISTICS_framesCRCErr_OFFSET
"./../../models/tb_top.sv", 422: 

*Error* failed to find identifier U_AVALON_DRIVER.avalon_mm_csr_rd64
"./../../models/tb_top.sv", 423: 

*Error* failed to find identifier STATISTICS_octetsOK_OFFSET
"./../../models/tb_top.sv", 423: 

*Error* failed to find identifier U_AVALON_DRIVER.avalon_mm_csr_rd64
"./../../models/tb_top.sv", 424: 

*Error* failed to find identifier STATISTICS_pauseMACCtrlFrames_OFFSET
"./../../models/tb_top.sv", 424: 

*Error* failed to find identifier U_AVALON_DRIVER.avalon_mm_csr_rd64
"./../../models/tb_top.sv", 425: 

*Error* failed to find identifier STATISTICS_ifErrors_OFFSET
"./../../models/tb_top.sv", 425: 

*Error* failed to find identifier U_AVALON_DRIVER.avalon_mm_csr_rd64
"./../../models/tb_top.sv", 426: 

*Error* failed to find identifier STATISTICS_unicastFramesOK_OFFSET
"./../../models/tb_top.sv", 426: 

*Error* failed to find identifier U_AVALON_DRIVER.avalon_mm_csr_rd64
"./../../models/tb_top.sv", 427: 

*Error* failed to find identifier STATISTICS_unicastFramesErr_OFFSET
"./../../models/tb_top.sv", 427: 

*Error* failed to find identifier U_AVALON_DRIVER.avalon_mm_csr_rd64
"./../../models/tb_top.sv", 428: 

*Error* failed to find identifier STATISTICS_multicastFramesOK_OFFSET
"./../../models/tb_top.sv", 428: 

*Error* failed to find identifier U_AVALON_DRIVER.avalon_mm_csr_rd64
"./../../models/tb_top.sv", 429: 

*Error* failed to find identifier STATISTICS_multicastFramesErr_OFFSET
"./../../models/tb_top.sv", 429: 

*Error* failed to find identifier U_AVALON_DRIVER.avalon_mm_csr_rd64
"./../../models/tb_top.sv", 430: 

*Error* failed to find identifier STATISTICS_broadcastFramesOK_OFFSET
"./../../models/tb_top.sv", 430: 

*Error* failed to find identifier U_AVALON_DRIVER.avalon_mm_csr_rd64
"./../../models/tb_top.sv", 431: 

*Error* failed to find identifier STATISTICS_broadcastFramesErr_OFFSET
"./../../models/tb_top.sv", 431: 

*Error* failed to find identifier U_AVALON_DRIVER.avalon_mm_csr_rd64
"./../../models/tb_top.sv", 432: 

*Error* failed to find identifier STATISTICS_etherStatsOctets_OFFSET
"./../../models/tb_top.sv", 432: 

*Error* failed to find identifier U_AVALON_DRIVER.avalon_mm_csr_rd64
"./../../models/tb_top.sv", 433: 

*Error* failed to find identifier STATISTICS_etherStatsPkts_OFFSET
"./../../models/tb_top.sv", 433: 

*Error* failed to find identifier U_AVALON_DRIVER.avalon_mm_csr_rd64
"./../../models/tb_top.sv", 434: 

*Error* failed to find identifier STATISTICS_etherStatsUndersizePkts_OFFSET
"./../../models/tb_top.sv", 434: 

*Error* failed to find identifier U_AVALON_DRIVER.avalon_mm_csr_rd64
"./../../models/tb_top.sv", 435: 

*Error* failed to find identifier STATISTICS_etherStatsOversizePkts_OFFSET
"./../../models/tb_top.sv", 435: 

*Error* failed to find identifier U_AVALON_DRIVER.avalon_mm_csr_rd64
"./../../models/tb_top.sv", 436: 

*Error* failed to find identifier STATISTICS_etherStatsPkts64Octets_OFFSET
"./../../models/tb_top.sv", 436: 

*Error* failed to find identifier U_AVALON_DRIVER.avalon_mm_csr_rd64
"./../../models/tb_top.sv", 437: 

*Error* failed to find identifier STATISTICS_etherStatsPkts65to127Octets_OFFSET
"./../../models/tb_top.sv", 437: 

*Error* failed to find identifier U_AVALON_DRIVER.avalon_mm_csr_rd64
"./../../models/tb_top.sv", 438: 

*Error* failed to find identifier STATISTICS_etherStatsPkts128to255Octets_OFFSET
"./../../models/tb_top.sv", 438: 

*Error* failed to find identifier U_AVALON_DRIVER.avalon_mm_csr_rd64
"./../../models/tb_top.sv", 439: 

*Error* failed to find identifier STATISTICS_etherStatsPkts256to511Octets_OFFSET
"./../../models/tb_top.sv", 439: 

*Error* failed to find identifier U_AVALON_DRIVER.avalon_mm_csr_rd64
"./../../models/tb_top.sv", 440: 

*Error* failed to find identifier STATISTICS_etherStatsPkts512to1023Octets_OFFSET
"./../../models/tb_top.sv", 440: 

*Error* failed to find identifier U_AVALON_DRIVER.avalon_mm_csr_rd64
"./../../models/tb_top.sv", 441: 

*Error* failed to find identifier STATISTICS_etherStatPkts1024to1518Octets_OFFSET
"./../../models/tb_top.sv", 441: 

*Error* failed to find identifier U_AVALON_DRIVER.avalon_mm_csr_rd64
"./../../models/tb_top.sv", 442: 

*Error* failed to find identifier STATISTICS_etherStatsPkts1519toXOctets_OFFSET
"./../../models/tb_top.sv", 442: 

*Error* failed to find identifier U_AVALON_DRIVER.avalon_mm_csr_rd64
"./../../models/tb_top.sv", 443: 

*Error* failed to find identifier STATISTICS_etherStatsFragments_OFFSET
"./../../models/tb_top.sv", 443: 

*Error* failed to find identifier U_AVALON_DRIVER.avalon_mm_csr_rd64
"./../../models/tb_top.sv", 444: 

*Error* failed to find identifier STATISTICS_etherStatsJabbers_OFFSET
"./../../models/tb_top.sv", 444: 

*Error* failed to find identifier U_AVALON_DRIVER.avalon_mm_csr_rd64
"./../../models/tb_top.sv", 445: 

*Error* failed to find identifier STATISTICS_etherStatsCRCErr_OFFSET
"./../../models/tb_top.sv", 445: 

*Error* failed to find identifier U_AVALON_DRIVER.avalon_mm_csr_rd64
"./../../models/tb_top.sv", 446: 

*Error* failed to find identifier STATISTICS_unicastMACCtrlFrames_OFFSET
"./../../models/tb_top.sv", 446: 

*Error* failed to find identifier U_AVALON_DRIVER.avalon_mm_csr_rd64
"./../../models/tb_top.sv", 447: 

*Error* failed to find identifier STATISTICS_multicastMACCtrlFrames_OFFSET
"./../../models/tb_top.sv", 447: 

*Error* failed to find identifier U_AVALON_DRIVER.avalon_mm_csr_rd64
"./../../models/tb_top.sv", 448: 

*Error* failed to find identifier STATISTICS_broadcastMACCtrlFrames_OFFSET
"./../../models/tb_top.sv", 448: 

*Error* failed to find identifier U_AVALON_DRIVER.avalon_mm_csr_rd64
"./../../models/tb_top.sv", 451: 

*Error* failed to find identifier STATISTICS_framesOK_OFFSET
"./../../models/tb_top.sv", 451: 

*Error* failed to find identifier U_AVALON_DRIVER.avalon_mm_csr_rd64
"./../../models/tb_top.sv", 452: 

*Error* failed to find identifier STATISTICS_framesErr_OFFSET
"./../../models/tb_top.sv", 452: 

*Error* failed to find identifier U_AVALON_DRIVER.avalon_mm_csr_rd64
"./../../models/tb_top.sv", 453: 

*Error* failed to find identifier STATISTICS_framesCRCErr_OFFSET
"./../../models/tb_top.sv", 453: 

*Error* failed to find identifier U_AVALON_DRIVER.avalon_mm_csr_rd64
"./../../models/tb_top.sv", 454: 

*Error* failed to find identifier STATISTICS_octetsOK_OFFSET
"./../../models/tb_top.sv", 454: 

*Error* failed to find identifier U_AVALON_DRIVER.avalon_mm_csr_rd64
"./../../models/tb_top.sv", 455: 

*Error* failed to find identifier STATISTICS_pauseMACCtrlFrames_OFFSET
"./../../models/tb_top.sv", 455: 

*Error* failed to find identifier U_AVALON_DRIVER.avalon_mm_csr_rd64
"./../../models/tb_top.sv", 456: 

*Error* failed to find identifier STATISTICS_ifErrors_OFFSET
"./../../models/tb_top.sv", 456: 

*Error* failed to find identifier U_AVALON_DRIVER.avalon_mm_csr_rd64
"./../../models/tb_top.sv", 457: 

*Error* failed to find identifier STATISTICS_unicastFramesOK_OFFSET
"./../../models/tb_top.sv", 457: 

*Error* failed to find identifier U_AVALON_DRIVER.avalon_mm_csr_rd64
"./../../models/tb_top.sv", 458: 

*Error* failed to find identifier STATISTICS_unicastFramesErr_OFFSET
"./../../models/tb_top.sv", 458: 

*Error* failed to find identifier U_AVALON_DRIVER.avalon_mm_csr_rd64
"./../../models/tb_top.sv", 459: 

*Error* failed to find identifier STATISTICS_multicastFramesOK_OFFSET
"./../../models/tb_top.sv", 459: 

*Error* failed to find identifier U_AVALON_DRIVER.avalon_mm_csr_rd64
"./../../models/tb_top.sv", 460: 

*Error* failed to find identifier STATISTICS_multicastFramesErr_OFFSET
"./../../models/tb_top.sv", 460: 

*Error* failed to find identifier U_AVALON_DRIVER.avalon_mm_csr_rd64
"./../../models/tb_top.sv", 461: 

*Error* failed to find identifier STATISTICS_broadcastFramesOK_OFFSET
"./../../models/tb_top.sv", 461: 

*Error* failed to find identifier U_AVALON_DRIVER.avalon_mm_csr_rd64
"./../../models/tb_top.sv", 462: 

*Error* failed to find identifier STATISTICS_broadcastFramesErr_OFFSET
"./../../models/tb_top.sv", 462: 

*Error* failed to find identifier U_AVALON_DRIVER.avalon_mm_csr_rd64
"./../../models/tb_top.sv", 463: 

*Error* failed to find identifier STATISTICS_etherStatsOctets_OFFSET
"./../../models/tb_top.sv", 463: 

*Error* failed to find identifier U_AVALON_DRIVER.avalon_mm_csr_rd64
"./../../models/tb_top.sv", 464: 

*Error* failed to find identifier STATISTICS_etherStatsPkts_OFFSET
"./../../models/tb_top.sv", 464: 

*Error* failed to find identifier U_AVALON_DRIVER.avalon_mm_csr_rd64
"./../../models/tb_top.sv", 465: 

*Error* failed to find identifier STATISTICS_etherStatsUndersizePkts_OFFSET
"./../../models/tb_top.sv", 465: 

*Error* failed to find identifier U_AVALON_DRIVER.avalon_mm_csr_rd64
"./../../models/tb_top.sv", 466: 

*Error* failed to find identifier STATISTICS_etherStatsOversizePkts_OFFSET
"./../../models/tb_top.sv", 466: 

*Error* failed to find identifier U_AVALON_DRIVER.avalon_mm_csr_rd64
"./../../models/tb_top.sv", 467: 

*Error* failed to find identifier STATISTICS_etherStatsPkts64Octets_OFFSET
"./../../models/tb_top.sv", 467: 

*Error* failed to find identifier U_AVALON_DRIVER.avalon_mm_csr_rd64
"./../../models/tb_top.sv", 468: 

*Error* failed to find identifier STATISTICS_etherStatsPkts65to127Octets_OFFSET
"./../../models/tb_top.sv", 468: 

*Error* failed to find identifier U_AVALON_DRIVER.avalon_mm_csr_rd64
"./../../models/tb_top.sv", 469: 

*Error* failed to find identifier STATISTICS_etherStatsPkts128to255Octets_OFFSET
"./../../models/tb_top.sv", 469: 

*Error* failed to find identifier U_AVALON_DRIVER.avalon_mm_csr_rd64
"./../../models/tb_top.sv", 470: 

*Error* failed to find identifier STATISTICS_etherStatsPkts256to511Octets_OFFSET
"./../../models/tb_top.sv", 470: 

*Error* failed to find identifier U_AVALON_DRIVER.avalon_mm_csr_rd64
"./../../models/tb_top.sv", 471: 

*Error* failed to find identifier STATISTICS_etherStatsPkts512to1023Octets_OFFSET
"./../../models/tb_top.sv", 471: 

*Error* failed to find identifier U_AVALON_DRIVER.avalon_mm_csr_rd64
"./../../models/tb_top.sv", 472: 

*Error* failed to find identifier STATISTICS_etherStatPkts1024to1518Octets_OFFSET
"./../../models/tb_top.sv", 472: 

*Error* failed to find identifier U_AVALON_DRIVER.avalon_mm_csr_rd64
"./../../models/tb_top.sv", 473: 

*Error* failed to find identifier STATISTICS_etherStatsPkts1519toXOctets_OFFSET
"./../../models/tb_top.sv", 473: 

*Error* failed to find identifier U_AVALON_DRIVER.avalon_mm_csr_rd64
"./../../models/tb_top.sv", 474: 

*Error* failed to find identifier STATISTICS_etherStatsFragments_OFFSET
"./../../models/tb_top.sv", 474: 

*Error* failed to find identifier U_AVALON_DRIVER.avalon_mm_csr_rd64
"./../../models/tb_top.sv", 475: 

*Error* failed to find identifier STATISTICS_etherStatsJabbers_OFFSET
"./../../models/tb_top.sv", 475: 

*Error* failed to find identifier U_AVALON_DRIVER.avalon_mm_csr_rd64
"./../../models/tb_top.sv", 476: 

*Error* failed to find identifier STATISTICS_etherStatsCRCErr_OFFSET
"./../../models/tb_top.sv", 476: 

*Error* failed to find identifier U_AVALON_DRIVER.avalon_mm_csr_rd64
"./../../models/tb_top.sv", 477: 

*Error* failed to find identifier STATISTICS_unicastMACCtrlFrames_OFFSET
"./../../models/tb_top.sv", 477: 

*Error* failed to find identifier U_AVALON_DRIVER.avalon_mm_csr_rd64
"./../../models/tb_top.sv", 478: 

*Error* failed to find identifier STATISTICS_multicastMACCtrlFrames_OFFSET
"./../../models/tb_top.sv", 478: 

*Error* failed to find identifier U_AVALON_DRIVER.avalon_mm_csr_rd64
"./../../models/tb_top.sv", 479: 

*Error* failed to find identifier STATISTICS_broadcastMACCtrlFrames_OFFSET
"./../../models/tb_top.sv", 479: 

*Error* failed to find identifier NUM_CHANNELS
"./../../models/tb_top.sv", 585: 

*Error* failed to find identifier U_AVALON_DRIVER.avalon_mm_csr_wr
"./../../models/tb_top.sv", 591: 

*Error* failed to find identifier TX_ADDRESS_INSERT_CONTROL_ADDR
"./../../models/tb_top.sv", 591: 

*Error* failed to find identifier U_AVALON_DRIVER.avalon_mm_csr_wr
"./../../models/tb_top.sv", 594: 

*Error* failed to find identifier TX_ADDRESS_INSERT_UCAST_MAC_ADD_0_ADDR
"./../../models/tb_top.sv", 594: 

*Error* failed to find identifier MAC_ADDR[31:0]
"./../../models/tb_top.sv", 594: 

*Error* failed to find identifier U_AVALON_DRIVER.avalon_mm_csr_wr
"./../../models/tb_top.sv", 595: 

*Error* failed to find identifier TX_ADDRESS_INSERT_UCAST_MAC_ADD_1_ADDR
"./../../models/tb_top.sv", 595: 

*Error* failed to find identifier MAC_ADDR[47:32]
"./../../models/tb_top.sv", 595: 

*Error* failed to find identifier U_AVALON_DRIVER.avalon_mm_csr_rd
"./../../models/tb_top.sv", 601: 

*Error* failed to find identifier TX_ADDRESS_INSERT_CONTROL_ADDR
"./../../models/tb_top.sv", 601: 

*Error* failed to find identifier U_AVALON_DRIVER.avalon_mm_csr_rd
"./../../models/tb_top.sv", 604: 

*Error* failed to find identifier TX_ADDRESS_INSERT_UCAST_MAC_ADD_1_ADDR
"./../../models/tb_top.sv", 604: 

*Error* failed to find identifier U_AVALON_DRIVER.avalon_mm_csr_rd
"./../../models/tb_top.sv", 607: 

*Error* failed to find identifier TX_ADDRESS_INSERT_UCAST_MAC_ADD_0_ADDR
"./../../models/tb_top.sv", 607: 

*Error* failed to find identifier U_AVALON_DRIVER.avalon_mm_csr_rd
"./../../models/tb_top.sv", 610: 

*Error* failed to find identifier TX_CRC_INSERT_CONTROL_ADDR
"./../../models/tb_top.sv", 610: 

*Error* failed to find identifier U_AVALON_DRIVER.avalon_mm_csr_rd
"./../../models/tb_top.sv", 614: 

*Error* failed to find identifier U_AVALON_DRIVER.avalon_mm_csr_wr
"./../../models/tb_top.sv", 619: 

*Error* failed to find identifier U_AVALON_DRIVER.avalon_mm_csr_rd
"./../../models/tb_top.sv", 621: 

*Error* failed to find identifier U_AVALON_DRIVER.avalon_mm_csr_wr
"./../../models/tb_top.sv", 626: 

*Error* failed to find identifier U_AVALON_DRIVER.avalon_mm_csr_rd
"./../../models/tb_top.sv", 627: 

*Error* failed to find identifier U_AVALON_DRIVER.avalon_mm_csr_rd
"./../../models/tb_top.sv", 631: 

*Error* failed to find identifier U_AVALON_DRIVER.avalon_mm_csr_wr
"./../../models/tb_top.sv", 633: 

*Error* failed to find identifier U_AVALON_DRIVER.avalon_mm_csr_rd
"./../../models/tb_top.sv", 634: 

*Error* failed to find identifier U_AVALON_DRIVER.avalon_mm_csr_rd
"./../../models/tb_top.sv", 638: 

*Error* failed to find identifier U_AVALON_DRIVER.avalon_mm_csr_wr
"./../../models/tb_top.sv", 640: 

*Error* failed to find identifier U_AVALON_DRIVER.avalon_mm_csr_rd
"./../../models/tb_top.sv", 641: 

*Error* failed to find identifier U_AVALON_DRIVER.avalon_mm_csr_wr
"./../../models/tb_top.sv", 655: 

*Error* failed to find identifier U_AVALON_DRIVER.avalon_mm_csr_rd
"./../../models/tb_top.sv", 656: 

*Error* failed to find identifier U_AVALON_DRIVER.avalon_mm_csr_wr
"./../../models/tb_top.sv", 665: 

*Error* failed to find identifier U_AVALON_DRIVER.avalon_mm_csr_rd
"./../../models/tb_top.sv", 666: 

*Error* failed to find identifier U_AVALON_DRIVER.avalon_mm_csr_wr
"./../../models/tb_top.sv", 670: 

*Error* failed to find identifier U_AVALON_DRIVER.avalon_mm_csr_rd
"./../../models/tb_top.sv", 671: 

*Error* failed to find identifier U_AVALON_DRIVER.avalon_mm_csr_rd
"./../../models/tb_top.sv", 675: 

*Error* failed to find identifier U_AVALON_DRIVER.avalon_mm_csr_wr
"./../../models/tb_top.sv", 681: 

*Error* failed to find identifier U_AVALON_DRIVER.avalon_mm_csr_rd
"./../../models/tb_top.sv", 682: 

*Error* failed to find identifier U_AVALON_DRIVER.avalon_mm_csr_wr
"./../../models/tb_top.sv", 692: 

*Error* failed to find identifier U_AVALON_DRIVER.avalon_mm_csr_rd
"./../../models/tb_top.sv", 693: 

*Error* failed to find identifier U_AVALON_DRIVER.avalon_mm_csr_rd
"./../../models/tb_top.sv", 701: 

*Error* failed to find identifier U_AVALON_DRIVER.avalon_mm_csr_rd
"./../../models/tb_top.sv", 705: 

*Error* failed to find identifier U_AVALON_DRIVER.avalon_mm_csr_rd
"./../../models/tb_top.sv", 709: 

*Error* failed to find identifier TX_STATISTICS_ADDR
"./../../models/tb_top.sv", 732: 

*Error* failed to find identifier RX_STATISTICS_ADDR
"./../../models/tb_top.sv", 732: 

*Error* view avalon_driver is not defined for instance U_AVALON_DRIVER
"./../../models/tb_top.sv", 274: 

*Error* view avalon_st_eth_packet_monitor is not defined for instance U_MON_RX
"./../../models/tb_top.sv", 312: 

*Error* view avalon_st_eth_packet_monitor is not defined for instance U_MON_TX
"./../../models/tb_top.sv", 332: 

*Warning* port sizes differ (10 vs 11) in port connection (port phy_csr_address)
"./../../../../rtl/altera_eth_10g_mac_base_r.sv", 350: 

*Warning* port sizes differ (10 vs 11) in port connection (port phy_0_avalon_anti_slave_0_address)
"./../../../../rtl/altera_eth_10g_mac_base_r.sv", 757: 

*Warning* port sizes differ (10 vs 11) in port connection (port phy_1_avalon_anti_slave_0_address)
"./../../../../rtl/altera_eth_10g_mac_base_r.sv", 785: 

*Warning* port sizes differ (10 vs 11) in port connection (port phy_2_avalon_anti_slave_0_address)
"./../../../../rtl/altera_eth_10g_mac_base_r.sv", 813: 

*Warning* port sizes differ (10 vs 11) in port connection (port phy_3_avalon_anti_slave_0_address)
"./../../../../rtl/altera_eth_10g_mac_base_r.sv", 841: 

*Warning* port sizes differ (10 vs 11) in port connection (port phy_4_avalon_anti_slave_0_address)
"./../../../../rtl/altera_eth_10g_mac_base_r.sv", 869: 

*Warning* port sizes differ (10 vs 11) in port connection (port phy_5_avalon_anti_slave_0_address)
"./../../../../rtl/altera_eth_10g_mac_base_r.sv", 897: 

*Warning* port sizes differ (10 vs 11) in port connection (port phy_6_avalon_anti_slave_0_address)
"./../../../../rtl/altera_eth_10g_mac_base_r.sv", 925: 

*Warning* port sizes differ (10 vs 11) in port connection (port phy_7_avalon_anti_slave_0_address)
"./../../../../rtl/altera_eth_10g_mac_base_r.sv", 953: 

*Warning* port sizes differ (10 vs 11) in port connection (port phy_8_avalon_anti_slave_0_address)
"./../../../../rtl/altera_eth_10g_mac_base_r.sv", 981: 

*Warning* port sizes differ (10 vs 11) in port connection (port phy_9_avalon_anti_slave_0_address)
"./../../../../rtl/altera_eth_10g_mac_base_r.sv", 1009: 

*Warning* port sizes differ (10 vs 11) in port connection (port phy_10_avalon_anti_slave_0_address)
"./../../../../rtl/altera_eth_10g_mac_base_r.sv", 1037: 

*Warning* port sizes differ (10 vs 11) in port connection (port phy_11_avalon_anti_slave_0_address)
"./../../../../rtl/altera_eth_10g_mac_base_r.sv", 1065: 

*Error* failed to find port 'pll_refclk0' for instance 'fpll_inst'
"./../../../../rtl/altera_eth_10g_mac_base_r.sv", 259: 

*Error* failed to find port 'pll_cal_busy' for instance 'fpll_inst'
"./../../../../rtl/altera_eth_10g_mac_base_r.sv", 260: 

*Error* failed to find port 'outclk_div2' for instance 'fpll_inst'
"./../../../../rtl/altera_eth_10g_mac_base_r.sv", 261: 

*Error* failed to find port 'outclk_div1' for instance 'fpll_inst'
"./../../../../rtl/altera_eth_10g_mac_base_r.sv", 262: 

*Error* failed to find port 'pll_locked' for instance 'fpll_inst'
"./../../../../rtl/altera_eth_10g_mac_base_r.sv", 263: 

*Error* view altera_eth_avalon_mm_adapter is not defined for instance csr_adapter_inst
"./../../../../rtl/altera_eth_10g_mac_base_r.sv", 479: 

*Error* view altera_eth_avalon_st_adapter is not defined for instance dc_fifo_adapter_inst
"./../../../../rtl/altera_eth_10g_mac_base_r.sv", 549: 

*Error* view alt_em10g32_altsyncram_bundle is not defined for instance fifo_mem
"./../../../../rtl/mac/altera_eth_10g_mac/alt_em10g32_171/sim/alt_em10g32_avalon_dc_fifo.v", 318: 

*Error* view alt_em10g32_avalon_dc_fifo_lat_calc is not defined for instance latency_calc
"./../../../../rtl/mac/altera_eth_10g_mac/alt_em10g32_171/sim/alt_em10g32_avalon_dc_fifo.v", 682: 

*Error* view alt_em10g32 is not defined for instance alt_em10g32_0
"./../../../../rtl/mac/altera_eth_10g_mac/sim/altera_eth_10g_mac.v", 70: 

*Error* view twentynm_iopll_encrypted is not defined for instance inst
"/home/tools/intelFPGA_pro/17.1/quartus/eda/sim_lib/twentynm_atoms.v", 4422: 

*Error* view twentynm_atx_pll_encrypted is not defined for instance twentynm_atx_pll_encrypted_inst
"/home/tools/intelFPGA_pro/17.1/quartus/eda/sim_lib/twentynm_hssi_atoms.v", 328: 

*Error* view twentynm_hssi_10g_rx_pcs_encrypted is not defined for instance twentynm_hssi_10g_rx_pcs_encrypted_inst
"/home/tools/intelFPGA_pro/17.1/quartus/eda/sim_lib/twentynm_hssi_atoms.v", 1511: 

*Error* view twentynm_hssi_10g_tx_pcs_encrypted is not defined for instance twentynm_hssi_10g_tx_pcs_encrypted_inst
"/home/tools/intelFPGA_pro/17.1/quartus/eda/sim_lib/twentynm_hssi_atoms.v", 1945: 

*Error* view twentynm_hssi_8g_rx_pcs_encrypted is not defined for instance twentynm_hssi_8g_rx_pcs_encrypted_inst
"/home/tools/intelFPGA_pro/17.1/quartus/eda/sim_lib/twentynm_hssi_atoms.v", 2450: 

*Error* view twentynm_hssi_8g_tx_pcs_encrypted is not defined for instance twentynm_hssi_8g_tx_pcs_encrypted_inst
"/home/tools/intelFPGA_pro/17.1/quartus/eda/sim_lib/twentynm_hssi_atoms.v", 2874: 

*Error* view twentynm_hssi_common_pcs_pma_interface_encrypted is not defined for instance twentynm_hssi_common_pcs_pma_interface_encrypted_inst
"/home/tools/intelFPGA_pro/17.1/quartus/eda/sim_lib/twentynm_hssi_atoms.v", 3251: 

*Error* view twentynm_hssi_common_pld_pcs_interface_encrypted is not defined for instance twentynm_hssi_common_pld_pcs_interface_encrypted_inst
"/home/tools/intelFPGA_pro/17.1/quartus/eda/sim_lib/twentynm_hssi_atoms.v", 3556: 

*Error* view twentynm_hssi_fifo_rx_pcs_encrypted is not defined for instance twentynm_hssi_fifo_rx_pcs_encrypted_inst
"/home/tools/intelFPGA_pro/17.1/quartus/eda/sim_lib/twentynm_hssi_atoms.v", 3782: 

*Error* view twentynm_hssi_fifo_tx_pcs_encrypted is not defined for instance twentynm_hssi_fifo_tx_pcs_encrypted_inst
"/home/tools/intelFPGA_pro/17.1/quartus/eda/sim_lib/twentynm_hssi_atoms.v", 3895: 

*Error* view twentynm_hssi_gen3_rx_pcs_encrypted is not defined for instance twentynm_hssi_gen3_rx_pcs_encrypted_inst
"/home/tools/intelFPGA_pro/17.1/quartus/eda/sim_lib/twentynm_hssi_atoms.v", 4039: 

*Error* view twentynm_hssi_gen3_tx_pcs_encrypted is not defined for instance twentynm_hssi_gen3_tx_pcs_encrypted_inst
"/home/tools/intelFPGA_pro/17.1/quartus/eda/sim_lib/twentynm_hssi_atoms.v", 4158: 

*Error* view twentynm_hssi_krfec_rx_pcs_encrypted is not defined for instance twentynm_hssi_krfec_rx_pcs_encrypted_inst
"/home/tools/intelFPGA_pro/17.1/quartus/eda/sim_lib/twentynm_hssi_atoms.v", 4303: 

*Error* view twentynm_hssi_krfec_tx_pcs_encrypted is not defined for instance twentynm_hssi_krfec_tx_pcs_encrypted_inst
"/home/tools/intelFPGA_pro/17.1/quartus/eda/sim_lib/twentynm_hssi_atoms.v", 4417: 

*Error* view twentynm_hssi_pipe_gen1_2_encrypted is not defined for instance twentynm_hssi_pipe_gen1_2_encrypted_inst
"/home/tools/intelFPGA_pro/17.1/quartus/eda/sim_lib/twentynm_hssi_atoms.v", 4572: 

*Error* view twentynm_hssi_pipe_gen3_encrypted is not defined for instance twentynm_hssi_pipe_gen3_encrypted_inst
"/home/tools/intelFPGA_pro/17.1/quartus/eda/sim_lib/twentynm_hssi_atoms.v", 4764: 

*Error* view twentynm_hssi_pma_adaptation_encrypted is not defined for instance twentynm_hssi_pma_adaptation_encrypted_inst
"/home/tools/intelFPGA_pro/17.1/quartus/eda/sim_lib/twentynm_hssi_atoms.v", 5171: 

*Error* view twentynm_hssi_pma_cdr_refclk_select_mux_encrypted is not defined for instance twentynm_hssi_pma_cdr_refclk_select_mux_encrypted_inst
"/home/tools/intelFPGA_pro/17.1/quartus/eda/sim_lib/twentynm_hssi_atoms.v", 5580: 

*Error* view twentynm_hssi_pma_channel_pll_encrypted is not defined for instance twentynm_hssi_pma_channel_pll_encrypted_inst
"/home/tools/intelFPGA_pro/17.1/quartus/eda/sim_lib/twentynm_hssi_atoms.v", 6104: 

*Error* view twentynm_hssi_pma_lc_refclk_select_mux_encrypted is not defined for instance twentynm_hssi_pma_lc_refclk_select_mux_encrypted_inst
"/home/tools/intelFPGA_pro/17.1/quartus/eda/sim_lib/twentynm_hssi_atoms.v", 6278: 

*Error* view twentynm_hssi_pma_rx_buf_encrypted is not defined for instance twentynm_hssi_pma_rx_buf_encrypted_inst
"/home/tools/intelFPGA_pro/17.1/quartus/eda/sim_lib/twentynm_hssi_atoms.v", 6514: 

*Error* view twentynm_hssi_pma_rx_deser_encrypted is not defined for instance twentynm_hssi_pma_rx_deser_encrypted_inst
"/home/tools/intelFPGA_pro/17.1/quartus/eda/sim_lib/twentynm_hssi_atoms.v", 6661: 

*Error* view twentynm_hssi_pma_rx_dfe_encrypted is not defined for instance twentynm_hssi_pma_rx_dfe_encrypted_inst
"/home/tools/intelFPGA_pro/17.1/quartus/eda/sim_lib/twentynm_hssi_atoms.v", 6860: 

*Error* view twentynm_hssi_pma_rx_odi_encrypted is not defined for instance twentynm_hssi_pma_rx_odi_encrypted_inst
"/home/tools/intelFPGA_pro/17.1/quartus/eda/sim_lib/twentynm_hssi_atoms.v", 7041: 

*Error* view twentynm_hssi_pma_rx_sd_encrypted is not defined for instance twentynm_hssi_pma_rx_sd_encrypted_inst
"/home/tools/intelFPGA_pro/17.1/quartus/eda/sim_lib/twentynm_hssi_atoms.v", 7153: 

*Error* view twentynm_hssi_pma_tx_buf_encrypted is not defined for instance twentynm_hssi_pma_tx_buf_encrypted_inst
"/home/tools/intelFPGA_pro/17.1/quartus/eda/sim_lib/twentynm_hssi_atoms.v", 7471: 

*Error* view twentynm_hssi_pma_tx_cgb_encrypted is not defined for instance twentynm_hssi_pma_tx_cgb_encrypted_inst
"/home/tools/intelFPGA_pro/17.1/quartus/eda/sim_lib/twentynm_hssi_atoms.v", 7666: 

*Error* view twentynm_hssi_pma_tx_ser_encrypted is not defined for instance twentynm_hssi_pma_tx_ser_encrypted_inst
"/home/tools/intelFPGA_pro/17.1/quartus/eda/sim_lib/twentynm_hssi_atoms.v", 7796: 

*Error* view twentynm_hssi_rx_pcs_pma_interface_encrypted is not defined for instance twentynm_hssi_rx_pcs_pma_interface_encrypted_inst
"/home/tools/intelFPGA_pro/17.1/quartus/eda/sim_lib/twentynm_hssi_atoms.v", 8286: 

*Error* view twentynm_hssi_rx_pld_pcs_interface_encrypted is not defined for instance twentynm_hssi_rx_pld_pcs_interface_encrypted_inst
"/home/tools/intelFPGA_pro/17.1/quartus/eda/sim_lib/twentynm_hssi_atoms.v", 8696: 

*Error* view twentynm_hssi_tx_pcs_pma_interface_encrypted is not defined for instance twentynm_hssi_tx_pcs_pma_interface_encrypted_inst
"/home/tools/intelFPGA_pro/17.1/quartus/eda/sim_lib/twentynm_hssi_atoms.v", 9034: 

*Error* view twentynm_hssi_tx_pld_pcs_interface_encrypted is not defined for instance twentynm_hssi_tx_pld_pcs_interface_encrypted_inst
"/home/tools/intelFPGA_pro/17.1/quartus/eda/sim_lib/twentynm_hssi_atoms.v", 9417: 

*Error* view twentynm_hssi_avmm_if_encrypted is not defined for instance twentynm_hssi_avmm_if_encrypted_inst
"/home/tools/intelFPGA_pro/17.1/quartus/eda/sim_lib/twentynm_hssi_atoms.v", 9638: 
Total	226 error(s),   13 warning(s)
