Info: Generated by version: 17.1.2 build 304
Info: Starting: Create simulation model
Info: qsys-generate /tmp/alt8047_3867995321563648379.dir/0002_alt_em10g32_0_gen/rtl/fifo_scfifo/ip/sc_fifo/sc_fifo_rx_sc_fifo.ip --simulation=VERILOG --allow-mixed-language-simulation --output-directory=/tmp/alt8047_3867995321563648379.dir/0002_alt_em10g32_0_gen/rtl/fifo_scfifo/ip/sc_fifo/sc_fifo_rx_sc_fifo --family="Arria 10" --part=10AT115S2F45E2SG
Info: sc_fifo_rx_sc_fifo: "Transforming system: sc_fifo_rx_sc_fifo"
Info: sc_fifo_rx_sc_fifo: Running transform generation_view_transform
Info: sc_fifo_rx_sc_fifo: Running transform generation_view_transform took 0.000s
Info: rx_sc_fifo: Running transform generation_view_transform
Info: rx_sc_fifo: Running transform generation_view_transform took 0.001s
Info: sc_fifo_rx_sc_fifo: Running transform interconnect_transform_chooser
Info: sc_fifo_rx_sc_fifo: Running transform interconnect_transform_chooser took 0.009s
Info: sc_fifo_rx_sc_fifo: "Naming system components in system: sc_fifo_rx_sc_fifo"
Info: sc_fifo_rx_sc_fifo: "Processing generation queue"
Info: sc_fifo_rx_sc_fifo: "Generating: sc_fifo_rx_sc_fifo"
Info: sc_fifo_rx_sc_fifo: "Generating: altera_avalon_sc_fifo"
Info: sc_fifo_rx_sc_fifo: Done "sc_fifo_rx_sc_fifo" with 2 modules, 2 files
Info: qsys-generate succeeded.
Info: Finished: Create simulation model
Info: 
Info: Starting: Create HDL design files for synthesis
Info: qsys-generate /tmp/alt8047_3867995321563648379.dir/0002_alt_em10g32_0_gen/rtl/fifo_scfifo/ip/sc_fifo/sc_fifo_rx_sc_fifo.ip --synthesis=VERILOG --output-directory=/tmp/alt8047_3867995321563648379.dir/0002_alt_em10g32_0_gen/rtl/fifo_scfifo/ip/sc_fifo/sc_fifo_rx_sc_fifo --family="Arria 10" --part=10AT115S2F45E2SG
Info: sc_fifo_rx_sc_fifo: "Transforming system: sc_fifo_rx_sc_fifo"
Info: sc_fifo_rx_sc_fifo: Running transform generation_view_transform
Info: sc_fifo_rx_sc_fifo: Running transform generation_view_transform took 0.000s
Info: rx_sc_fifo: Running transform generation_view_transform
Info: rx_sc_fifo: Running transform generation_view_transform took 0.000s
Info: sc_fifo_rx_sc_fifo: Running transform interconnect_transform_chooser
Info: sc_fifo_rx_sc_fifo: Running transform interconnect_transform_chooser took 0.008s
Info: sc_fifo_rx_sc_fifo: "Naming system components in system: sc_fifo_rx_sc_fifo"
Info: sc_fifo_rx_sc_fifo: "Processing generation queue"
Info: sc_fifo_rx_sc_fifo: "Generating: sc_fifo_rx_sc_fifo"
Info: sc_fifo_rx_sc_fifo: "Generating: altera_avalon_sc_fifo"
Info: sc_fifo_rx_sc_fifo: Done "sc_fifo_rx_sc_fifo" with 2 modules, 2 files
Info: qsys-generate succeeded.
Info: Finished: Create HDL design files for synthesis
Info: Starting: IP-XACT
Info: qsys-generate /tmp/alt8047_3867995321563648379.dir/0002_alt_em10g32_0_gen/rtl/fifo_scfifo/ip/sc_fifo/sc_fifo_rx_sc_fifo.ip --synthesis=VERILOG --ipxact --output-directory=/tmp/alt8047_3867995321563648379.dir/0002_alt_em10g32_0_gen/rtl/fifo_scfifo/ip/sc_fifo/sc_fifo_rx_sc_fifo --family="Arria 10" --part=10AT115S2F45E2SG
Info: Finished: IP-XACT
