Info: Generated by version: 17.1.2 build 304
Info: Starting: Create simulation model
Info: qsys-generate /home/dai/WorkStation/fpga/project/intel/PcieDma/ep_g3x8_avmm256_tb/ip/ep_g3x8_avmm256_tb/ep_g3x8_avmm256_inst_reconfig_xcvr_clk_bfm_ip.ip --simulation=VERILOG --allow-mixed-language-simulation --output-directory=/home/dai/WorkStation/fpga/project/intel/PcieDma/ep_g3x8_avmm256_tb/ip/ep_g3x8_avmm256_tb/ep_g3x8_avmm256_inst_reconfig_xcvr_clk_bfm_ip --family="Arria 10" --part=10AT115S2F45E2SG
Info: ep_g3x8_avmm256_inst_reconfig_xcvr_clk_bfm_ip.ep_g3x8_avmm256_inst_reconfig_xcvr_clk_bfm: Elaborate: altera_clock_source
Info: ep_g3x8_avmm256_inst_reconfig_xcvr_clk_bfm_ip.ep_g3x8_avmm256_inst_reconfig_xcvr_clk_bfm:            $Revision: #1 $
Info: ep_g3x8_avmm256_inst_reconfig_xcvr_clk_bfm_ip.ep_g3x8_avmm256_inst_reconfig_xcvr_clk_bfm:            $Date: 2017/08/13 $
Info: ep_g3x8_avmm256_inst_reconfig_xcvr_clk_bfm_ip: "Transforming system: ep_g3x8_avmm256_inst_reconfig_xcvr_clk_bfm_ip"
Info: ep_g3x8_avmm256_inst_reconfig_xcvr_clk_bfm_ip: Running transform generation_view_transform
Info: ep_g3x8_avmm256_inst_reconfig_xcvr_clk_bfm_ip: Running transform generation_view_transform took 0.000s
Info: ep_g3x8_avmm256_inst_reconfig_xcvr_clk_bfm: Running transform generation_view_transform
Info: ep_g3x8_avmm256_inst_reconfig_xcvr_clk_bfm: Running transform generation_view_transform took 0.000s
Info: ep_g3x8_avmm256_inst_reconfig_xcvr_clk_bfm_ip: Running transform interconnect_transform_chooser
Info: ep_g3x8_avmm256_inst_reconfig_xcvr_clk_bfm_ip: Running transform interconnect_transform_chooser took 0.008s
Info: ep_g3x8_avmm256_inst_reconfig_xcvr_clk_bfm_ip: "Naming system components in system: ep_g3x8_avmm256_inst_reconfig_xcvr_clk_bfm_ip"
Info: ep_g3x8_avmm256_inst_reconfig_xcvr_clk_bfm_ip: "Processing generation queue"
Info: ep_g3x8_avmm256_inst_reconfig_xcvr_clk_bfm_ip: "Generating: ep_g3x8_avmm256_inst_reconfig_xcvr_clk_bfm_ip"
Info: ep_g3x8_avmm256_inst_reconfig_xcvr_clk_bfm_ip: "Generating: altera_avalon_clock_source"
Info: ep_g3x8_avmm256_inst_reconfig_xcvr_clk_bfm_ip: Done "ep_g3x8_avmm256_inst_reconfig_xcvr_clk_bfm_ip" with 2 modules, 3 files
Info: qsys-generate succeeded.
Info: Finished: Create simulation model
