Info: Generated by version: 17.1.2 build 304
Info: Starting: Create simulation model
Info: qsys-generate /home/dai/WorkStation/fpga/project/intel/PcieDma/ip/ep_g3x8_avmm256/ep_g3x8_avmm256_onchip_memory2_0.ip --simulation=VERILOG --allow-mixed-language-simulation --output-directory=/home/dai/WorkStation/fpga/project/intel/PcieDma/ip/ep_g3x8_avmm256/ep_g3x8_avmm256_onchip_memory2_0 --family="Arria 10" --part=10AT115S2F45E2SG
Info: ep_g3x8_avmm256_onchip_memory2_0: "Transforming system: ep_g3x8_avmm256_onchip_memory2_0"
Info: ep_g3x8_avmm256_onchip_memory2_0: Running transform generation_view_transform
Info: ep_g3x8_avmm256_onchip_memory2_0: Running transform generation_view_transform took 0.000s
Info: onchip_memory2_0: Running transform generation_view_transform
Info: onchip_memory2_0: Running transform generation_view_transform took 0.000s
Info: ep_g3x8_avmm256_onchip_memory2_0: Running transform interconnect_transform_chooser
Info: ep_g3x8_avmm256_onchip_memory2_0: Running transform interconnect_transform_chooser took 0.008s
Info: ep_g3x8_avmm256_onchip_memory2_0: "Naming system components in system: ep_g3x8_avmm256_onchip_memory2_0"
Info: ep_g3x8_avmm256_onchip_memory2_0: "Processing generation queue"
Info: ep_g3x8_avmm256_onchip_memory2_0: "Generating: ep_g3x8_avmm256_onchip_memory2_0"
Info: ep_g3x8_avmm256_onchip_memory2_0: "Generating: ep_g3x8_avmm256_onchip_memory2_0_altera_avalon_onchip_memory2_171_2hwxsvq"
Info: onchip_memory2_0: Starting RTL generation for module 'ep_g3x8_avmm256_onchip_memory2_0_altera_avalon_onchip_memory2_171_2hwxsvq'
Info: onchip_memory2_0:   Generation command is [exec /home/tools/intelFPGA_pro/17.1/quartus/linux64/perl/bin/perl -I /home/tools/intelFPGA_pro/17.1/quartus/linux64/perl/lib -I /home/tools/intelFPGA_pro/17.1/quartus/sopc_builder/bin/europa -I /home/tools/intelFPGA_pro/17.1/quartus/sopc_builder/bin/perl_lib -I /home/tools/intelFPGA_pro/17.1/quartus/sopc_builder/bin -I /home/tools/intelFPGA_pro/17.1/quartus/../ip/altera/sopc_builder_ip/common -I /home/tools/intelFPGA_pro/17.1/quartus/../ip/altera/sopc_builder_ip/altera_avalon_onchip_memory2 -- /home/tools/intelFPGA_pro/17.1/quartus/../ip/altera/sopc_builder_ip/altera_avalon_onchip_memory2/generate_rtl.pl --name=ep_g3x8_avmm256_onchip_memory2_0_altera_avalon_onchip_memory2_171_2hwxsvq --dir=/tmp/alt8006_5595184198414932080.dir/0004_onchip_memory2_0_gen/ --quartus_dir=/home/tools/intelFPGA_pro/17.1/quartus --verilog --config=/tmp/alt8006_5595184198414932080.dir/0004_onchip_memory2_0_gen//ep_g3x8_avmm256_onchip_memory2_0_altera_avalon_onchip_memory2_171_2hwxsvq_component_configuration.pl  --do_build_sim=1    --sim_dir=/tmp/alt8006_5595184198414932080.dir/0004_onchip_memory2_0_gen/  ]
Info: onchip_memory2_0: Done RTL generation for module 'ep_g3x8_avmm256_onchip_memory2_0_altera_avalon_onchip_memory2_171_2hwxsvq'
Info: ep_g3x8_avmm256_onchip_memory2_0: Done "ep_g3x8_avmm256_onchip_memory2_0" with 2 modules, 2 files
Info: qsys-generate succeeded.
Info: Finished: Create simulation model
Info: Starting: Create block symbol file (.bsf)
Info: qsys-generate /home/dai/WorkStation/fpga/project/intel/PcieDma/ip/ep_g3x8_avmm256/ep_g3x8_avmm256_onchip_memory2_0.ip --block-symbol-file --output-directory=/home/dai/WorkStation/fpga/project/intel/PcieDma/ip/ep_g3x8_avmm256/ep_g3x8_avmm256_onchip_memory2_0 --family="Arria 10" --part=10AT115S2F45E2SG
Info: qsys-generate succeeded.
Info: Finished: Create block symbol file (.bsf)
Info: 
Info: Starting: Create HDL design files for synthesis
Info: qsys-generate /home/dai/WorkStation/fpga/project/intel/PcieDma/ip/ep_g3x8_avmm256/ep_g3x8_avmm256_onchip_memory2_0.ip --synthesis=VERILOG --output-directory=/home/dai/WorkStation/fpga/project/intel/PcieDma/ip/ep_g3x8_avmm256/ep_g3x8_avmm256_onchip_memory2_0 --family="Arria 10" --part=10AT115S2F45E2SG
Info: ep_g3x8_avmm256_onchip_memory2_0: "Transforming system: ep_g3x8_avmm256_onchip_memory2_0"
Info: ep_g3x8_avmm256_onchip_memory2_0: Running transform generation_view_transform
Info: ep_g3x8_avmm256_onchip_memory2_0: Running transform generation_view_transform took 0.001s
Info: onchip_memory2_0: Running transform generation_view_transform
Info: onchip_memory2_0: Running transform generation_view_transform took 0.000s
Info: ep_g3x8_avmm256_onchip_memory2_0: Running transform interconnect_transform_chooser
Info: ep_g3x8_avmm256_onchip_memory2_0: Running transform interconnect_transform_chooser took 0.008s
Info: ep_g3x8_avmm256_onchip_memory2_0: "Naming system components in system: ep_g3x8_avmm256_onchip_memory2_0"
Info: ep_g3x8_avmm256_onchip_memory2_0: "Processing generation queue"
Info: ep_g3x8_avmm256_onchip_memory2_0: "Generating: ep_g3x8_avmm256_onchip_memory2_0"
Info: ep_g3x8_avmm256_onchip_memory2_0: "Generating: ep_g3x8_avmm256_onchip_memory2_0_altera_avalon_onchip_memory2_171_2hwxsvq"
Info: onchip_memory2_0: Starting RTL generation for module 'ep_g3x8_avmm256_onchip_memory2_0_altera_avalon_onchip_memory2_171_2hwxsvq'
Info: onchip_memory2_0:   Generation command is [exec /home/tools/intelFPGA_pro/17.1/quartus/linux64/perl/bin/perl -I /home/tools/intelFPGA_pro/17.1/quartus/linux64/perl/lib -I /home/tools/intelFPGA_pro/17.1/quartus/sopc_builder/bin/europa -I /home/tools/intelFPGA_pro/17.1/quartus/sopc_builder/bin/perl_lib -I /home/tools/intelFPGA_pro/17.1/quartus/sopc_builder/bin -I /home/tools/intelFPGA_pro/17.1/quartus/../ip/altera/sopc_builder_ip/common -I /home/tools/intelFPGA_pro/17.1/quartus/../ip/altera/sopc_builder_ip/altera_avalon_onchip_memory2 -- /home/tools/intelFPGA_pro/17.1/quartus/../ip/altera/sopc_builder_ip/altera_avalon_onchip_memory2/generate_rtl.pl --name=ep_g3x8_avmm256_onchip_memory2_0_altera_avalon_onchip_memory2_171_2hwxsvq --dir=/tmp/alt8006_5595184198414932080.dir/0005_onchip_memory2_0_gen/ --quartus_dir=/home/tools/intelFPGA_pro/17.1/quartus --verilog --config=/tmp/alt8006_5595184198414932080.dir/0005_onchip_memory2_0_gen//ep_g3x8_avmm256_onchip_memory2_0_altera_avalon_onchip_memory2_171_2hwxsvq_component_configuration.pl  --do_build_sim=0  ]
Info: onchip_memory2_0: Done RTL generation for module 'ep_g3x8_avmm256_onchip_memory2_0_altera_avalon_onchip_memory2_171_2hwxsvq'
Info: ep_g3x8_avmm256_onchip_memory2_0: Done "ep_g3x8_avmm256_onchip_memory2_0" with 2 modules, 2 files
Info: qsys-generate succeeded.
Info: Finished: Create HDL design files for synthesis
Info: Starting: Generate IP Core Documentation
Info: No documentation filesets were found for components in ep_g3x8_avmm256_onchip_memory2_0. No files generated.
Info: Finished: Generate IP Core Documentation
