Info: Generated by version: 17.1.2 build 304
Info: Starting: Create simulation model
Info: qsys-generate /tmp/alt8047_3867995321563648379.dir/0002_alt_em10g32_0_gen/rtl/address_decoder/ip/address_decode/address_decode_merlin_master_translator_0.ip --simulation=VERILOG --allow-mixed-language-simulation --output-directory=/tmp/alt8047_3867995321563648379.dir/0002_alt_em10g32_0_gen/rtl/address_decoder/ip/address_decode/address_decode_merlin_master_translator_0 --family="Arria 10" --part=10AT115S2F45E2SG
Info: address_decode_merlin_master_translator_0: "Transforming system: address_decode_merlin_master_translator_0"
Info: address_decode_merlin_master_translator_0: Running transform generation_view_transform
Info: address_decode_merlin_master_translator_0: Running transform generation_view_transform took 0.000s
Info: merlin_master_translator_0: Running transform generation_view_transform
Info: merlin_master_translator_0: Running transform generation_view_transform took 0.000s
Info: address_decode_merlin_master_translator_0: Running transform interconnect_transform_chooser
Info: address_decode_merlin_master_translator_0: Running transform interconnect_transform_chooser took 0.008s
Info: address_decode_merlin_master_translator_0: "Naming system components in system: address_decode_merlin_master_translator_0"
Info: address_decode_merlin_master_translator_0: "Processing generation queue"
Info: address_decode_merlin_master_translator_0: "Generating: address_decode_merlin_master_translator_0"
Info: address_decode_merlin_master_translator_0: "Generating: altera_merlin_master_translator"
Info: address_decode_merlin_master_translator_0: Done "address_decode_merlin_master_translator_0" with 2 modules, 2 files
Info: qsys-generate succeeded.
Info: Finished: Create simulation model
Info: 
Info: Starting: Create HDL design files for synthesis
Info: qsys-generate /tmp/alt8047_3867995321563648379.dir/0002_alt_em10g32_0_gen/rtl/address_decoder/ip/address_decode/address_decode_merlin_master_translator_0.ip --synthesis=VERILOG --output-directory=/tmp/alt8047_3867995321563648379.dir/0002_alt_em10g32_0_gen/rtl/address_decoder/ip/address_decode/address_decode_merlin_master_translator_0 --family="Arria 10" --part=10AT115S2F45E2SG
Info: address_decode_merlin_master_translator_0: "Transforming system: address_decode_merlin_master_translator_0"
Info: address_decode_merlin_master_translator_0: Running transform generation_view_transform
Info: address_decode_merlin_master_translator_0: Running transform generation_view_transform took 0.000s
Info: merlin_master_translator_0: Running transform generation_view_transform
Info: merlin_master_translator_0: Running transform generation_view_transform took 0.000s
Info: address_decode_merlin_master_translator_0: Running transform interconnect_transform_chooser
Info: address_decode_merlin_master_translator_0: Running transform interconnect_transform_chooser took 0.008s
Info: address_decode_merlin_master_translator_0: "Naming system components in system: address_decode_merlin_master_translator_0"
Info: address_decode_merlin_master_translator_0: "Processing generation queue"
Info: address_decode_merlin_master_translator_0: "Generating: address_decode_merlin_master_translator_0"
Info: address_decode_merlin_master_translator_0: "Generating: altera_merlin_master_translator"
Info: address_decode_merlin_master_translator_0: Done "address_decode_merlin_master_translator_0" with 2 modules, 2 files
Info: qsys-generate succeeded.
Info: Finished: Create HDL design files for synthesis
Info: Starting: IP-XACT
Info: qsys-generate /tmp/alt8047_3867995321563648379.dir/0002_alt_em10g32_0_gen/rtl/address_decoder/ip/address_decode/address_decode_merlin_master_translator_0.ip --synthesis=VERILOG --ipxact --output-directory=/tmp/alt8047_3867995321563648379.dir/0002_alt_em10g32_0_gen/rtl/address_decoder/ip/address_decode/address_decode_merlin_master_translator_0 --family="Arria 10" --part=10AT115S2F45E2SG
Info: Finished: IP-XACT
