Info: Generated by version: 17.1.2 build 304
Info: Starting: Create simulation model
Info: qsys-generate /tmp/alt8047_3867995321563648379.dir/0002_alt_em10g32_0_gen/rtl/mac/altera_eth_10g_mac.ip --simulation=VERILOG --allow-mixed-language-simulation --output-directory=/tmp/alt8047_3867995321563648379.dir/0002_alt_em10g32_0_gen/rtl/mac/altera_eth_10g_mac --family="Arria 10" --part=10AT115S2F45E2SG
Info: altera_eth_10g_mac: "Transforming system: altera_eth_10g_mac"
Info: altera_eth_10g_mac: Running transform generation_view_transform
Info: altera_eth_10g_mac: Running transform generation_view_transform took 0.001s
Info: alt_em10g32_0: Running transform generation_view_transform
Info: alt_em10g32_0: Running transform generation_view_transform took 0.000s
Info: altera_eth_10g_mac: Running transform interconnect_transform_chooser
Info: altera_eth_10g_mac: Running transform interconnect_transform_chooser took 0.076s
Info: altera_eth_10g_mac: "Naming system components in system: altera_eth_10g_mac"
Info: altera_eth_10g_mac: "Processing generation queue"
Info: altera_eth_10g_mac: "Generating: altera_eth_10g_mac"
Info: altera_eth_10g_mac: "Generating: alt_em10g32"
Info: altera_eth_10g_mac: Done "altera_eth_10g_mac" with 2 modules, 445 files
Info: qsys-generate succeeded.
Info: Finished: Create simulation model
Info: Starting: Create Modelsim Project.
Info: sim-script-gen --spd=/tmp/alt8047_3867995321563648379.dir/0002_alt_em10g32_0_gen/rtl/mac/altera_eth_10g_mac/altera_eth_10g_mac.spd --output-directory=/tmp/alt8047_3867995321563648379.dir/0002_alt_em10g32_0_gen/rtl/mac/altera_eth_10g_mac/sim/ --use-relative-paths=true
Info: Doing: ip-make-simscript --spd=/tmp/alt8047_3867995321563648379.dir/0002_alt_em10g32_0_gen/rtl/mac/altera_eth_10g_mac/altera_eth_10g_mac.spd --output-directory=/tmp/alt8047_3867995321563648379.dir/0002_alt_em10g32_0_gen/rtl/mac/altera_eth_10g_mac/sim/ --use-relative-paths=true
Info: Generating the following file(s) for MODELSIM simulator in /tmp/alt8047_3867995321563648379.dir/0002_alt_em10g32_0_gen/rtl/mac/altera_eth_10g_mac/sim/ directory:
Info: 	mentor/msim_setup.tcl
Info: Generating the following file(s) for VCS simulator in /tmp/alt8047_3867995321563648379.dir/0002_alt_em10g32_0_gen/rtl/mac/altera_eth_10g_mac/sim/ directory:
Info: 	synopsys/vcs/vcs_setup.sh
Info: Generating the following file(s) for VCSMX simulator in /tmp/alt8047_3867995321563648379.dir/0002_alt_em10g32_0_gen/rtl/mac/altera_eth_10g_mac/sim/ directory:
Info: 	synopsys/vcsmx/synopsys_sim.setup
Info: 	synopsys/vcsmx/vcsmx_setup.sh
Info: Generating the following file(s) for NCSIM simulator in /tmp/alt8047_3867995321563648379.dir/0002_alt_em10g32_0_gen/rtl/mac/altera_eth_10g_mac/sim/ directory:
Info: 	cadence/cds.lib
Info: 	cadence/hdl.var
Info: 	cadence/ncsim_setup.sh
Info: 	2 .cds.lib files in cadence/cds_libs/ directory
Info: Generating the following file(s) for RIVIERA simulator in /tmp/alt8047_3867995321563648379.dir/0002_alt_em10g32_0_gen/rtl/mac/altera_eth_10g_mac/sim/ directory:
Info: 	aldec/rivierapro_setup.tcl
Info: For information on how to simulate your IP, see the explanatory comments in the simulator-specific subdirectories under /tmp/alt8047_3867995321563648379.dir/0002_alt_em10g32_0_gen/rtl/mac/altera_eth_10g_mac/sim/.
Info: Regenerate these scripts whenever you make any change to any Quartus-generated IP in your project.
Info: Finished: Create Modelsim Project.
Info: 
Info: Starting: Create HDL design files for synthesis
Info: qsys-generate /tmp/alt8047_3867995321563648379.dir/0002_alt_em10g32_0_gen/rtl/mac/altera_eth_10g_mac.ip --synthesis=VERILOG --output-directory=/tmp/alt8047_3867995321563648379.dir/0002_alt_em10g32_0_gen/rtl/mac/altera_eth_10g_mac --family="Arria 10" --part=10AT115S2F45E2SG
Info: altera_eth_10g_mac: "Transforming system: altera_eth_10g_mac"
Info: altera_eth_10g_mac: Running transform generation_view_transform
Info: altera_eth_10g_mac: Running transform generation_view_transform took 0.000s
Info: alt_em10g32_0: Running transform generation_view_transform
Info: alt_em10g32_0: Running transform generation_view_transform took 0.000s
Info: altera_eth_10g_mac: Running transform interconnect_transform_chooser
Info: altera_eth_10g_mac: Running transform interconnect_transform_chooser took 0.010s
Info: altera_eth_10g_mac: "Naming system components in system: altera_eth_10g_mac"
Info: altera_eth_10g_mac: "Processing generation queue"
Info: altera_eth_10g_mac: "Generating: altera_eth_10g_mac"
Info: altera_eth_10g_mac: "Generating: alt_em10g32"
Info: altera_eth_10g_mac: Done "altera_eth_10g_mac" with 2 modules, 97 files
Info: qsys-generate succeeded.
Info: Finished: Create HDL design files for synthesis
Info: Starting: IP-XACT
Info: qsys-generate /tmp/alt8047_3867995321563648379.dir/0002_alt_em10g32_0_gen/rtl/mac/altera_eth_10g_mac.ip --synthesis=VERILOG --ipxact --output-directory=/tmp/alt8047_3867995321563648379.dir/0002_alt_em10g32_0_gen/rtl/mac/altera_eth_10g_mac --family="Arria 10" --part=10AT115S2F45E2SG
Info: Finished: IP-XACT
