Info: Generated by version: 17.1.2 build 304
Info: Starting: Create simulation model
Info: qsys-generate /tmp/alt8047_3867995321563648379.dir/0002_alt_em10g32_0_gen/rtl/fifo_scfifo/sc_fifo.qsys --simulation=VERILOG --allow-mixed-language-simulation --output-directory=/tmp/alt8047_3867995321563648379.dir/0002_alt_em10g32_0_gen/rtl/fifo_scfifo/sc_fifo --family="Arria 10" --part=10AT115S2F45E2SG
Progress: Loading fifo_scfifo/sc_fifo.qsys
Progress: Reading input file
Progress: Adding rx_sc_fifo [altera_generic_component 1.0]
Progress: Parameterizing module rx_sc_fifo
Progress: Adding tx_sc_fifo [altera_generic_component 1.0]
Progress: Parameterizing module tx_sc_fifo
Progress: Building connections
Progress: Parameterizing connections
Progress: Validating
Progress: Done reading input file
Component Instantiation Warning: sc_fifo.rx_sc_fifo: Project Setting information doesn't match IP Variant file. Double-click to open System Info tab.
Component Instantiation Warning: sc_fifo.tx_sc_fifo: Project Setting information doesn't match IP Variant file. Double-click to open System Info tab.
Info: sc_fifo: "Transforming system: sc_fifo"
Info: sc_fifo: Running transform generation_view_transform
Info: sc_fifo: Running transform generation_view_transform took 0.000s
Info: sc_fifo: Running transform interconnect_transform_chooser
Info: sc_fifo: Running transform interconnect_transform_chooser took 0.009s
Info: sc_fifo: "Naming system components in system: sc_fifo"
Info: sc_fifo: "Processing generation queue"
Info: sc_fifo: "Generating: sc_fifo"
Info: sc_fifo: "Generating: sc_fifo_rx_sc_fifo"
Info: sc_fifo: "Generating: sc_fifo_tx_sc_fifo"
Info: sc_fifo: Done "sc_fifo" with 3 modules, 1 files
Info: qsys-generate succeeded.
Info: Finished: Create simulation model
Info: Starting: Create Modelsim Project.
Info: sim-script-gen --spd=/tmp/alt8047_3867995321563648379.dir/0002_alt_em10g32_0_gen/rtl/fifo_scfifo/ip/sc_fifo/sc_fifo_tx_sc_fifo/sc_fifo_tx_sc_fifo.spd --spd=/tmp/alt8047_3867995321563648379.dir/0002_alt_em10g32_0_gen/rtl/fifo_scfifo/ip/sc_fifo/sc_fifo_rx_sc_fifo/sc_fifo_rx_sc_fifo.spd --spd=/tmp/alt8047_3867995321563648379.dir/0002_alt_em10g32_0_gen/rtl/fifo_scfifo/sc_fifo/sc_fifo.spd --output-directory=/tmp/alt8047_3867995321563648379.dir/0002_alt_em10g32_0_gen/rtl/fifo_scfifo/sc_fifo/sim/ --use-relative-paths=true
Info: Doing: ip-make-simscript --spd=/tmp/alt8047_3867995321563648379.dir/0002_alt_em10g32_0_gen/rtl/fifo_scfifo/ip/sc_fifo/sc_fifo_tx_sc_fifo/sc_fifo_tx_sc_fifo.spd --spd=/tmp/alt8047_3867995321563648379.dir/0002_alt_em10g32_0_gen/rtl/fifo_scfifo/ip/sc_fifo/sc_fifo_rx_sc_fifo/sc_fifo_rx_sc_fifo.spd --spd=/tmp/alt8047_3867995321563648379.dir/0002_alt_em10g32_0_gen/rtl/fifo_scfifo/sc_fifo/sc_fifo.spd --output-directory=/tmp/alt8047_3867995321563648379.dir/0002_alt_em10g32_0_gen/rtl/fifo_scfifo/sc_fifo/sim/ --use-relative-paths=true
Info: Generating the following file(s) for MODELSIM simulator in /tmp/alt8047_3867995321563648379.dir/0002_alt_em10g32_0_gen/rtl/fifo_scfifo/sc_fifo/sim/ directory:
Info: 	mentor/msim_setup.tcl
Info: Generating the following file(s) for VCS simulator in /tmp/alt8047_3867995321563648379.dir/0002_alt_em10g32_0_gen/rtl/fifo_scfifo/sc_fifo/sim/ directory:
Info: 	synopsys/vcs/vcs_setup.sh
Info: Generating the following file(s) for VCSMX simulator in /tmp/alt8047_3867995321563648379.dir/0002_alt_em10g32_0_gen/rtl/fifo_scfifo/sc_fifo/sim/ directory:
Info: 	synopsys/vcsmx/synopsys_sim.setup
Info: 	synopsys/vcsmx/vcsmx_setup.sh
Info: Generating the following file(s) for NCSIM simulator in /tmp/alt8047_3867995321563648379.dir/0002_alt_em10g32_0_gen/rtl/fifo_scfifo/sc_fifo/sim/ directory:
Info: 	cadence/cds.lib
Info: 	cadence/hdl.var
Info: 	cadence/ncsim_setup.sh
Info: 	4 .cds.lib files in cadence/cds_libs/ directory
Info: Generating the following file(s) for RIVIERA simulator in /tmp/alt8047_3867995321563648379.dir/0002_alt_em10g32_0_gen/rtl/fifo_scfifo/sc_fifo/sim/ directory:
Info: 	aldec/rivierapro_setup.tcl
Info: For information on how to simulate your IP, see the explanatory comments in the simulator-specific subdirectories under /tmp/alt8047_3867995321563648379.dir/0002_alt_em10g32_0_gen/rtl/fifo_scfifo/sc_fifo/sim/.
Info: Regenerate these scripts whenever you make any change to any Quartus-generated IP in your project.
Info: Finished: Create Modelsim Project.
Info: 
Info: Starting: Create HDL design files for synthesis
Info: qsys-generate /tmp/alt8047_3867995321563648379.dir/0002_alt_em10g32_0_gen/rtl/fifo_scfifo/sc_fifo.qsys --synthesis=VERILOG --output-directory=/tmp/alt8047_3867995321563648379.dir/0002_alt_em10g32_0_gen/rtl/fifo_scfifo/sc_fifo --family="Arria 10" --part=10AT115S2F45E2SG
Progress: Loading fifo_scfifo/sc_fifo.qsys
Progress: Reading input file
Progress: Adding rx_sc_fifo [altera_generic_component 1.0]
Progress: Parameterizing module rx_sc_fifo
Progress: Adding tx_sc_fifo [altera_generic_component 1.0]
Progress: Parameterizing module tx_sc_fifo
Progress: Building connections
Progress: Parameterizing connections
Progress: Validating
Progress: Done reading input file
Component Instantiation Warning: sc_fifo.rx_sc_fifo: Project Setting information doesn't match IP Variant file. Double-click to open System Info tab.
Component Instantiation Warning: sc_fifo.tx_sc_fifo: Project Setting information doesn't match IP Variant file. Double-click to open System Info tab.
Info: sc_fifo: "Transforming system: sc_fifo"
Info: sc_fifo: Running transform generation_view_transform
Info: sc_fifo: Running transform generation_view_transform took 0.000s
Info: sc_fifo: Running transform interconnect_transform_chooser
Info: sc_fifo: Running transform interconnect_transform_chooser took 0.011s
Info: sc_fifo: "Naming system components in system: sc_fifo"
Info: sc_fifo: "Processing generation queue"
Info: sc_fifo: "Generating: sc_fifo"
Info: sc_fifo: "Generating: sc_fifo_rx_sc_fifo"
Info: sc_fifo: "Generating: sc_fifo_tx_sc_fifo"
Info: sc_fifo: Done "sc_fifo" with 3 modules, 1 files
Info: qsys-generate succeeded.
Info: Finished: Create HDL design files for synthesis
Info: Starting: IP-XACT
Info: qsys-generate /tmp/alt8047_3867995321563648379.dir/0002_alt_em10g32_0_gen/rtl/fifo_scfifo/sc_fifo.qsys --synthesis=VERILOG --ipxact --output-directory=/tmp/alt8047_3867995321563648379.dir/0002_alt_em10g32_0_gen/rtl/fifo_scfifo/sc_fifo --family="Arria 10" --part=10AT115S2F45E2SG
Info: Finished: IP-XACT
