#! /usr/local/iverilog/bin/vvp
:ivl_version "11.0 (devel)" "(s20150603-642-g3bdb50da)";
:ivl_delay_selection "TYPICAL";
:vpi_time_precision + 0;
:vpi_module "system";
:vpi_module "vhdl_sys";
:vpi_module "vhdl_textio";
:vpi_module "v2005_math";
:vpi_module "va_math";
S_0000000000d12d20 .scope module, "DmaRequest" "DmaRequest" 2 1;
 .timescale 0 0;
    .port_info 0 /OUTPUT 1 "SqDmaFifoPop";
    .port_info 1 /OUTPUT 1 "RqDmaFifoPop";
    .port_info 2 /OUTPUT 1 "RdDCSChipSelect";
    .port_info 3 /OUTPUT 1 "RdDCSWrite";
    .port_info 4 /OUTPUT 8 "RdDCSAddress";
    .port_info 5 /OUTPUT 32 "RdDCSWriteData";
    .port_info 6 /OUTPUT 4 "RdDCSByteEnable";
    .port_info 7 /OUTPUT 1 "RdDCSRead";
    .port_info 8 /OUTPUT 1 "WrDCSChipSelect";
    .port_info 9 /OUTPUT 1 "WrDCSWrite";
    .port_info 10 /OUTPUT 8 "WrDCSAddress";
    .port_info 11 /OUTPUT 32 "WrDCSWriteData";
    .port_info 12 /OUTPUT 4 "WrDCSByteEnable";
    .port_info 13 /OUTPUT 1 "WrDCSRead";
    .port_info 14 /INPUT 1 "clock";
    .port_info 15 /INPUT 1 "reset";
    .port_info 16 /INPUT 116 "SqDmaFifoData";
    .port_info 17 /INPUT 1 "SqDmaFifoEmpty";
    .port_info 18 /INPUT 1 "SqDmaFifoDepth";
    .port_info 19 /INPUT 1 "SqDmaFifoFull";
    .port_info 20 /INPUT 116 "RqDmaFifoData";
    .port_info 21 /INPUT 1 "RqDmaFifoEmpty";
    .port_info 22 /INPUT 1 "RqDmaFifoDepth";
    .port_info 23 /INPUT 1 "RqDmaFifoFull";
    .port_info 24 /INPUT 1 "RdDCSWaitRequest";
    .port_info 25 /INPUT 32 "RdDCSReadData";
    .port_info 26 /INPUT 1 "WrDCSWaitRequest";
    .port_info 27 /INPUT 32 "WrDCSReadData";
o0000000000d6a818 .functor BUFZ 1, C4<z>; HiZ drive
L_0000000000d59e40 .functor NOT 1, o0000000000d6a818, C4<0>, C4<0>, C4<0>;
L_0000000000d59900 .functor AND 1, L_0000000000d59e40, L_0000000000dd6350, C4<1>, C4<1>;
L_0000000000d599e0 .functor NOT 1, o0000000000d6a818, C4<0>, C4<0>, C4<0>;
o0000000000d6aab8 .functor BUFZ 1, C4<z>; HiZ drive
L_0000000000d59c10 .functor NOT 1, o0000000000d6aab8, C4<0>, C4<0>, C4<0>;
L_0000000000d59a50 .functor AND 1, L_0000000000d599e0, L_0000000000d59c10, C4<1>, C4<1>;
L_0000000000d59970 .functor NOT 1, o0000000000d6a818, C4<0>, C4<0>, C4<0>;
L_0000000000d59ac0 .functor AND 1, L_0000000000dd7610, L_0000000000d59970, C4<1>, C4<1>;
L_0000000000d59cf0 .functor NOT 1, o0000000000d6aab8, C4<0>, C4<0>, C4<0>;
L_0000000000d59c80 .functor AND 1, L_0000000000d59ac0, L_0000000000d59cf0, C4<1>, C4<1>;
L_0000000000d59d60 .functor BUFZ 1, L_0000000000dd6b70, C4<0>, C4<0>, C4<0>;
o0000000000d6a938 .functor BUFZ 1, C4<z>; HiZ drive
L_0000000000d59dd0 .functor NOT 1, o0000000000d6a938, C4<0>, C4<0>, C4<0>;
L_0000000000d59f20 .functor AND 1, L_0000000000d59dd0, L_0000000000dd6ad0, C4<1>, C4<1>;
L_0000000000dd9d80 .functor NOT 1, o0000000000d6a938, C4<0>, C4<0>, C4<0>;
o0000000000d6a728 .functor BUFZ 1, C4<z>; HiZ drive
L_0000000000dd93e0 .functor NOT 1, o0000000000d6a728, C4<0>, C4<0>, C4<0>;
L_0000000000dd9450 .functor AND 1, L_0000000000dd9d80, L_0000000000dd93e0, C4<1>, C4<1>;
L_0000000000dd9df0 .functor NOT 1, o0000000000d6a938, C4<0>, C4<0>, C4<0>;
L_0000000000dd95a0 .functor AND 1, L_0000000000dd6cb0, L_0000000000dd9df0, C4<1>, C4<1>;
L_0000000000dd9840 .functor NOT 1, o0000000000d6a728, C4<0>, C4<0>, C4<0>;
L_0000000000dd9610 .functor AND 1, L_0000000000dd95a0, L_0000000000dd9840, C4<1>, C4<1>;
L_0000000000dd9220 .functor BUFZ 1, L_0000000000dd7070, C4<0>, C4<0>, C4<0>;
v0000000000d62680_0 .net "RdDCSAddress", 7 0, L_0000000000dd5ef0;  1 drivers
L_0000000001180940 .functor BUFT 1, C4<1111>, C4<0>, C4<0>, C4<0>;
v0000000000d618c0_0 .net "RdDCSByteEnable", 3 0, L_0000000001180940;  1 drivers
v0000000000d62540_0 .net "RdDCSChipSelect", 0 0, L_0000000000dd9220;  1 drivers
L_00000000011808b0 .functor BUFT 1, C4<0>, C4<0>, C4<0>, C4<0>;
v0000000000d61000_0 .net "RdDCSRead", 0 0, L_00000000011808b0;  1 drivers
o0000000000d6a6f8 .functor BUFZ 32, C4<zzzzzzzzzzzzzzzzzzzzzzzzzzzzzzzz>; HiZ drive
v0000000000d61640_0 .net "RdDCSReadData", 31 0, o0000000000d6a6f8;  0 drivers
v0000000000d61960_0 .net "RdDCSWaitRequest", 0 0, o0000000000d6a728;  0 drivers
v0000000000d61a00_0 .net "RdDCSWrite", 0 0, L_0000000000dd7070;  1 drivers
v0000000000d62b80_0 .net "RdDCSWriteData", 31 0, L_0000000000dd7570;  1 drivers
o0000000000d6a7b8 .functor BUFZ 116, C4<zzzzzzzzzzzzzzzzzzzzzzzzzzzzzzzzzzzzzzzzzzzzzzzzzzzzzzzzzzzzzzzzzzzzzzzzzzzzzzzzzzzzzzzzzzzzzzzzzzzzzzzzzzzzzzzzzzzz>; HiZ drive
v0000000000d61f00_0 .net "RqDmaFifoData", 115 0, o0000000000d6a7b8;  0 drivers
o0000000000d6a7e8 .functor BUFZ 1, C4<z>; HiZ drive
v0000000000d62180_0 .net "RqDmaFifoDepth", 0 0, o0000000000d6a7e8;  0 drivers
v0000000000d62900_0 .net "RqDmaFifoEmpty", 0 0, o0000000000d6a818;  0 drivers
o0000000000d6a848 .functor BUFZ 1, C4<z>; HiZ drive
v0000000000d629a0_0 .net "RqDmaFifoFull", 0 0, o0000000000d6a848;  0 drivers
v0000000000d625e0_0 .net "RqDmaFifoPop", 0 0, L_0000000000d59c80;  1 drivers
o0000000000d6a8a8 .functor BUFZ 116, C4<zzzzzzzzzzzzzzzzzzzzzzzzzzzzzzzzzzzzzzzzzzzzzzzzzzzzzzzzzzzzzzzzzzzzzzzzzzzzzzzzzzzzzzzzzzzzzzzzzzzzzzzzzzzzzzzzzzzz>; HiZ drive
v0000000000d615a0_0 .net "SqDmaFifoData", 115 0, o0000000000d6a8a8;  0 drivers
v0000000000d61b40_0 .net "SqDmaFifoDataNumberM1", 2 0, L_0000000000dc3e40;  1 drivers
o0000000000d6a908 .functor BUFZ 1, C4<z>; HiZ drive
v0000000000d62720_0 .net "SqDmaFifoDepth", 0 0, o0000000000d6a908;  0 drivers
v0000000000d62040_0 .net "SqDmaFifoEmpty", 0 0, o0000000000d6a938;  0 drivers
o0000000000d6a968 .functor BUFZ 1, C4<z>; HiZ drive
v0000000000d610a0_0 .net "SqDmaFifoFull", 0 0, o0000000000d6a968;  0 drivers
v0000000000d61140_0 .net "SqDmaFifoPop", 0 0, L_0000000000dd9610;  1 drivers
v0000000000d616e0_0 .net "WrDCSAddress", 7 0, L_0000000000dd77f0;  1 drivers
L_0000000001180988 .functor BUFT 1, C4<1111>, C4<0>, C4<0>, C4<0>;
v0000000000d62220_0 .net "WrDCSByteEnable", 3 0, L_0000000001180988;  1 drivers
v0000000000d62a40_0 .net "WrDCSChipSelect", 0 0, L_0000000000d59d60;  1 drivers
L_00000000011808f8 .functor BUFT 1, C4<0>, C4<0>, C4<0>, C4<0>;
v0000000000d61aa0_0 .net "WrDCSRead", 0 0, L_00000000011808f8;  1 drivers
o0000000000d6aa88 .functor BUFZ 32, C4<zzzzzzzzzzzzzzzzzzzzzzzzzzzzzzzz>; HiZ drive
v0000000000d611e0_0 .net "WrDCSReadData", 31 0, o0000000000d6aa88;  0 drivers
v0000000000d61320_0 .net "WrDCSWaitRequest", 0 0, o0000000000d6aab8;  0 drivers
v0000000000d62ae0_0 .net "WrDCSWrite", 0 0, L_0000000000dd6b70;  1 drivers
v0000000000d62cc0_0 .net "WrDCSWriteData", 31 0, L_0000000000dd7750;  1 drivers
v0000000000d613c0_0 .net *"_s100", 0 0, L_0000000000dd79d0;  1 drivers
v0000000000d60e20_0 .net *"_s103", 31 0, L_0000000000dd7a70;  1 drivers
L_0000000001180508 .functor BUFT 1, C4<010>, C4<0>, C4<0>, C4<0>;
v0000000000d620e0_0 .net/2u *"_s104", 2 0, L_0000000001180508;  1 drivers
v0000000000d60ec0_0 .net *"_s106", 0 0, L_0000000000dd6990;  1 drivers
v0000000000d60f60_0 .net *"_s109", 31 0, L_0000000000dd7d90;  1 drivers
v0000000000d61460_0 .net *"_s11", 2 0, L_0000000000dc4700;  1 drivers
L_0000000001180550 .functor BUFT 1, C4<001>, C4<0>, C4<0>, C4<0>;
v0000000000d61780_0 .net/2u *"_s110", 2 0, L_0000000001180550;  1 drivers
v0000000000d622c0_0 .net *"_s112", 0 0, L_0000000000dd72f0;  1 drivers
v0000000000dc1fc0_0 .net *"_s115", 31 0, L_0000000000dd74d0;  1 drivers
v0000000000dc1d40_0 .net *"_s117", 31 0, L_0000000000dd7430;  1 drivers
v0000000000dc1700_0 .net *"_s118", 31 0, L_0000000000dd7c50;  1 drivers
L_0000000001180160 .functor BUFT 1, C4<001>, C4<0>, C4<0>, C4<0>;
v0000000000dc17a0_0 .net/2u *"_s12", 2 0, L_0000000001180160;  1 drivers
v0000000000dc1f20_0 .net *"_s120", 31 0, L_0000000000dd62b0;  1 drivers
v0000000000dc3000_0 .net *"_s122", 31 0, L_0000000000dd6a30;  1 drivers
v0000000000dc1a20_0 .net *"_s126", 0 0, L_0000000000d59dd0;  1 drivers
L_0000000001180598 .functor BUFT 1, C4<101>, C4<0>, C4<0>, C4<0>;
v0000000000dc1660_0 .net/2u *"_s128", 2 0, L_0000000001180598;  1 drivers
v0000000000dc1ac0_0 .net *"_s130", 0 0, L_0000000000dd6ad0;  1 drivers
v0000000000dc2920_0 .net *"_s132", 0 0, L_0000000000d59f20;  1 drivers
L_00000000011805e0 .functor BUFT 1, C4<000>, C4<0>, C4<0>, C4<0>;
v0000000000dc27e0_0 .net/2u *"_s134", 2 0, L_00000000011805e0;  1 drivers
v0000000000dc1840_0 .net *"_s136", 0 0, L_0000000000dd9d80;  1 drivers
v0000000000dc26a0_0 .net *"_s138", 0 0, L_0000000000dd93e0;  1 drivers
v0000000000dc2600_0 .net *"_s140", 0 0, L_0000000000dd9450;  1 drivers
L_0000000001180628 .functor BUFT 1, C4<001>, C4<0>, C4<0>, C4<0>;
v0000000000dc2880_0 .net/2u *"_s142", 2 0, L_0000000001180628;  1 drivers
v0000000000dc30a0_0 .net *"_s144", 2 0, L_0000000000dd60d0;  1 drivers
v0000000000dc2060_0 .net *"_s146", 2 0, L_0000000000dd6d50;  1 drivers
L_0000000001180670 .functor BUFT 1, C4<100>, C4<0>, C4<0>, C4<0>;
v0000000000dc22e0_0 .net/2u *"_s150", 2 0, L_0000000001180670;  1 drivers
v0000000000dc13e0_0 .net *"_s152", 0 0, L_0000000000dd6cb0;  1 drivers
v0000000000dc29c0_0 .net *"_s154", 0 0, L_0000000000dd9df0;  1 drivers
v0000000000dc3140_0 .net *"_s156", 0 0, L_0000000000dd95a0;  1 drivers
v0000000000dc12a0_0 .net *"_s158", 0 0, L_0000000000dd9840;  1 drivers
L_00000000011806b8 .functor BUFT 1, C4<101>, C4<0>, C4<0>, C4<0>;
v0000000000dc2560_0 .net/2u *"_s162", 2 0, L_00000000011806b8;  1 drivers
L_0000000001180700 .functor BUFT 1, C4<000>, C4<0>, C4<0>, C4<0>;
v0000000000dc2e20_0 .net/2u *"_s168", 2 0, L_0000000001180700;  1 drivers
v0000000000dc1340_0 .net *"_s17", 31 0, L_0000000000dc3940;  1 drivers
L_0000000001180748 .functor BUFT 1, C4<00>, C4<0>, C4<0>, C4<0>;
v0000000000dc18e0_0 .net/2u *"_s170", 1 0, L_0000000001180748;  1 drivers
L_0000000001180790 .functor BUFT 1, C4<100>, C4<0>, C4<0>, C4<0>;
v0000000000dc1980_0 .net/2u *"_s174", 2 0, L_0000000001180790;  1 drivers
v0000000000dc21a0_0 .net *"_s176", 0 0, L_0000000000dd5f90;  1 drivers
v0000000000dc2ba0_0 .net *"_s179", 31 0, L_0000000000dd7b10;  1 drivers
L_00000000011807d8 .functor BUFT 1, C4<011>, C4<0>, C4<0>, C4<0>;
v0000000000dc1b60_0 .net/2u *"_s180", 2 0, L_00000000011807d8;  1 drivers
v0000000000dc2a60_0 .net *"_s182", 0 0, L_0000000000dd6e90;  1 drivers
v0000000000dc1e80_0 .net *"_s185", 31 0, L_0000000000dd7110;  1 drivers
L_0000000001180820 .functor BUFT 1, C4<010>, C4<0>, C4<0>, C4<0>;
v0000000000dc2100_0 .net/2u *"_s186", 2 0, L_0000000001180820;  1 drivers
v0000000000dc2240_0 .net *"_s188", 0 0, L_0000000000dd6030;  1 drivers
v0000000000dc2380_0 .net *"_s19", 31 0, L_0000000000dc4980;  1 drivers
v0000000000dc1c00_0 .net *"_s191", 31 0, L_0000000000dd6170;  1 drivers
L_0000000001180868 .functor BUFT 1, C4<001>, C4<0>, C4<0>, C4<0>;
v0000000000dc2f60_0 .net/2u *"_s192", 2 0, L_0000000001180868;  1 drivers
v0000000000dc2420_0 .net *"_s194", 0 0, L_0000000000dd6f30;  1 drivers
v0000000000dc1ca0_0 .net *"_s197", 31 0, L_0000000000dd7250;  1 drivers
v0000000000dc2c40_0 .net *"_s199", 31 0, L_0000000000dd63f0;  1 drivers
v0000000000dc1de0_0 .net *"_s200", 31 0, L_0000000000dd7390;  1 drivers
v0000000000dc24c0_0 .net *"_s202", 31 0, L_0000000000dd6fd0;  1 drivers
v0000000000dc2b00_0 .net *"_s204", 31 0, L_0000000000dd6490;  1 drivers
v0000000000dc1480_0 .net *"_s21", 31 0, L_0000000000dc5420;  1 drivers
v0000000000dc2740_0 .net *"_s23", 31 0, L_0000000000dc4c00;  1 drivers
L_00000000011801a8 .functor BUFT 1, C4<00000000000000000000000000000>, C4<0>, C4<0>, C4<0>;
v0000000000dc2ce0_0 .net/2u *"_s24", 28 0, L_00000000011801a8;  1 drivers
v0000000000dc2d80_0 .net *"_s29", 31 0, L_0000000000dc4d40;  1 drivers
L_00000000011801f0 .functor BUFT 1, C4<xx>, C4<0>, C4<0>, C4<0>;
v0000000000dc1520_0 .net *"_s31", 1 0, L_00000000011801f0;  1 drivers
v0000000000dc2ec0_0 .net *"_s33", 29 0, L_0000000000dc3760;  1 drivers
v0000000000dc15c0_0 .net *"_s35", 31 0, L_0000000000dd7cf0;  1 drivers
v0000000000dc3b20_0 .net *"_s37", 31 0, L_0000000000dd68f0;  1 drivers
v0000000000dc40c0_0 .net *"_s39", 31 0, L_0000000000dd76b0;  1 drivers
L_0000000001180238 .functor BUFT 1, C4<00000000000000000000000000000>, C4<0>, C4<0>, C4<0>;
v0000000000dc45c0_0 .net/2u *"_s40", 28 0, L_0000000001180238;  1 drivers
v0000000000dc5100_0 .net *"_s44", 0 0, L_0000000000d59e40;  1 drivers
L_0000000001180280 .functor BUFT 1, C4<101>, C4<0>, C4<0>, C4<0>;
v0000000000dc3a80_0 .net/2u *"_s46", 2 0, L_0000000001180280;  1 drivers
v0000000000dc4160_0 .net *"_s48", 0 0, L_0000000000dd6350;  1 drivers
v0000000000dc3ee0_0 .net *"_s5", 2 0, L_0000000000dc3da0;  1 drivers
v0000000000dc3f80_0 .net *"_s50", 0 0, L_0000000000d59900;  1 drivers
L_00000000011802c8 .functor BUFT 1, C4<000>, C4<0>, C4<0>, C4<0>;
v0000000000dc43e0_0 .net/2u *"_s52", 2 0, L_00000000011802c8;  1 drivers
v0000000000dc51a0_0 .net *"_s54", 0 0, L_0000000000d599e0;  1 drivers
v0000000000dc48e0_0 .net *"_s56", 0 0, L_0000000000d59c10;  1 drivers
v0000000000dc39e0_0 .net *"_s58", 0 0, L_0000000000d59a50;  1 drivers
L_0000000001180118 .functor BUFT 1, C4<001>, C4<0>, C4<0>, C4<0>;
v0000000000dc5060_0 .net/2u *"_s6", 2 0, L_0000000001180118;  1 drivers
L_0000000001180310 .functor BUFT 1, C4<001>, C4<0>, C4<0>, C4<0>;
v0000000000dc3800_0 .net/2u *"_s60", 2 0, L_0000000001180310;  1 drivers
v0000000000dc4200_0 .net *"_s62", 2 0, L_0000000000dd6c10;  1 drivers
v0000000000dc4ac0_0 .net *"_s64", 2 0, L_0000000000dd6df0;  1 drivers
L_0000000001180358 .functor BUFT 1, C4<100>, C4<0>, C4<0>, C4<0>;
v0000000000dc4f20_0 .net/2u *"_s68", 2 0, L_0000000001180358;  1 drivers
v0000000000dc4b60_0 .net *"_s70", 0 0, L_0000000000dd7610;  1 drivers
v0000000000dc5560_0 .net *"_s72", 0 0, L_0000000000d59970;  1 drivers
v0000000000dc38a0_0 .net *"_s74", 0 0, L_0000000000d59ac0;  1 drivers
v0000000000dc4de0_0 .net *"_s76", 0 0, L_0000000000d59cf0;  1 drivers
L_00000000011803a0 .functor BUFT 1, C4<101>, C4<0>, C4<0>, C4<0>;
v0000000000dc4e80_0 .net/2u *"_s80", 2 0, L_00000000011803a0;  1 drivers
L_00000000011803e8 .functor BUFT 1, C4<000>, C4<0>, C4<0>, C4<0>;
v0000000000dc4020_0 .net/2u *"_s86", 2 0, L_00000000011803e8;  1 drivers
L_0000000001180430 .functor BUFT 1, C4<00>, C4<0>, C4<0>, C4<0>;
v0000000000dc54c0_0 .net/2u *"_s88", 1 0, L_0000000001180430;  1 drivers
L_0000000001180478 .functor BUFT 1, C4<100>, C4<0>, C4<0>, C4<0>;
v0000000000dc3bc0_0 .net/2u *"_s92", 2 0, L_0000000001180478;  1 drivers
v0000000000dc3c60_0 .net *"_s94", 0 0, L_0000000000dd7930;  1 drivers
v0000000000dc42a0_0 .net *"_s97", 31 0, L_0000000000dd6850;  1 drivers
L_00000000011804c0 .functor BUFT 1, C4<011>, C4<0>, C4<0>, C4<0>;
v0000000000dc4a20_0 .net/2u *"_s98", 2 0, L_00000000011804c0;  1 drivers
o0000000000d6bb68 .functor BUFZ 1, C4<z>; HiZ drive
v0000000000dc3d00_0 .net "clock", 0 0, o0000000000d6bb68;  0 drivers
v0000000000dc5240_0 .var "rdCounter", 2 0;
v0000000000dc4340_0 .net "rdCounterInt", 2 0, L_0000000000dd7890;  1 drivers
v0000000000dc4fc0_0 .net "rdDescriptor", 159 0, L_0000000000dd71b0;  1 drivers
L_0000000001180088 .functor BUFT 1, C4<00000000000000000000000000000000000000000000000110000000000000>, C4<0>, C4<0>, C4<0>;
v0000000000dc4480_0 .net "rd_dma_status_addr", 61 0, L_0000000001180088;  1 drivers
o0000000000d6bc58 .functor BUFZ 1, C4<z>; HiZ drive
v0000000000dc4520_0 .net "reset", 0 0, o0000000000d6bc58;  0 drivers
v0000000000dc36c0_0 .net "rqDataNumberM1", 2 0, L_0000000000dc47a0;  1 drivers
v0000000000dc4660_0 .var "wrCounter", 2 0;
v0000000000dc4840_0 .net "wrCounterInt", 2 0, L_0000000000dd67b0;  1 drivers
v0000000000dc5380_0 .net "wrDescriptor", 159 0, L_0000000000dc4ca0;  1 drivers
L_00000000011800d0 .functor BUFT 1, C4<0000000000000000000000000000000000000000000000000111000000000000>, C4<0>, C4<0>, C4<0>;
v0000000000dc52e0_0 .net "wr_dma_status_addr", 63 0, L_00000000011800d0;  1 drivers
E_0000000000d69c40/0 .event negedge, v0000000000dc4520_0;
E_0000000000d69c40/1 .event posedge, v0000000000dc3d00_0;
E_0000000000d69c40 .event/or E_0000000000d69c40/0, E_0000000000d69c40/1;
L_0000000000dc3da0 .part o0000000000d6a8a8, 108, 3;
L_0000000000dc3e40 .arith/sub 3, L_0000000000dc3da0, L_0000000001180118;
L_0000000000dc4700 .part o0000000000d6a7b8, 108, 3;
L_0000000000dc47a0 .arith/sub 3, L_0000000000dc4700, L_0000000001180160;
L_0000000000dc3940 .part L_00000000011800d0, 0, 32;
L_0000000000dc4980 .part L_00000000011800d0, 32, 32;
L_0000000000dc5420 .part o0000000000d6a7b8, 0, 32;
L_0000000000dc4c00 .part o0000000000d6a7b8, 32, 32;
LS_0000000000dc4ca0_0_0 .concat [ 3 29 32 32], L_0000000000dc47a0, L_00000000011801a8, L_0000000000dc4c00, L_0000000000dc5420;
LS_0000000000dc4ca0_0_4 .concat [ 32 32 0 0], L_0000000000dc4980, L_0000000000dc3940;
L_0000000000dc4ca0 .concat [ 96 64 0 0], LS_0000000000dc4ca0_0_0, LS_0000000000dc4ca0_0_4;
L_0000000000dc4d40 .part L_0000000001180088, 0, 32;
L_0000000000dc3760 .part L_0000000001180088, 32, 30;
L_0000000000dd7cf0 .concat [ 30 2 0 0], L_0000000000dc3760, L_00000000011801f0;
L_0000000000dd68f0 .part o0000000000d6a8a8, 0, 32;
L_0000000000dd76b0 .part o0000000000d6a8a8, 32, 32;
LS_0000000000dd71b0_0_0 .concat [ 3 29 32 32], L_0000000000dc3e40, L_0000000001180238, L_0000000000dd76b0, L_0000000000dd68f0;
LS_0000000000dd71b0_0_4 .concat [ 32 32 0 0], L_0000000000dd7cf0, L_0000000000dc4d40;
L_0000000000dd71b0 .concat [ 96 64 0 0], LS_0000000000dd71b0_0_0, LS_0000000000dd71b0_0_4;
L_0000000000dd6350 .cmp/eq 3, v0000000000dc4660_0, L_0000000001180280;
L_0000000000dd6c10 .arith/sum 3, v0000000000dc4660_0, L_0000000001180310;
L_0000000000dd6df0 .functor MUXZ 3, v0000000000dc4660_0, L_0000000000dd6c10, L_0000000000d59a50, C4<>;
L_0000000000dd67b0 .functor MUXZ 3, L_0000000000dd6df0, L_00000000011802c8, L_0000000000d59900, C4<>;
L_0000000000dd7610 .cmp/eq 3, v0000000000dc4660_0, L_0000000001180358;
L_0000000000dd6b70 .cmp/ne 3, v0000000000dc4660_0, L_00000000011803a0;
L_0000000000dd77f0 .concat [ 2 3 3 0], L_0000000001180430, v0000000000dc4660_0, L_00000000011803e8;
L_0000000000dd7930 .cmp/eq 3, v0000000000dc4660_0, L_0000000001180478;
L_0000000000dd6850 .part L_0000000000dc4ca0, 0, 32;
L_0000000000dd79d0 .cmp/eq 3, v0000000000dc4660_0, L_00000000011804c0;
L_0000000000dd7a70 .part L_0000000000dc4ca0, 32, 32;
L_0000000000dd6990 .cmp/eq 3, v0000000000dc4660_0, L_0000000001180508;
L_0000000000dd7d90 .part L_0000000000dc4ca0, 64, 32;
L_0000000000dd72f0 .cmp/eq 3, v0000000000dc4660_0, L_0000000001180550;
L_0000000000dd74d0 .part L_0000000000dc4ca0, 96, 32;
L_0000000000dd7430 .part L_0000000000dc4ca0, 128, 32;
L_0000000000dd7c50 .functor MUXZ 32, L_0000000000dd7430, L_0000000000dd74d0, L_0000000000dd72f0, C4<>;
L_0000000000dd62b0 .functor MUXZ 32, L_0000000000dd7c50, L_0000000000dd7d90, L_0000000000dd6990, C4<>;
L_0000000000dd6a30 .functor MUXZ 32, L_0000000000dd62b0, L_0000000000dd7a70, L_0000000000dd79d0, C4<>;
L_0000000000dd7750 .functor MUXZ 32, L_0000000000dd6a30, L_0000000000dd6850, L_0000000000dd7930, C4<>;
L_0000000000dd6ad0 .cmp/eq 3, v0000000000dc5240_0, L_0000000001180598;
L_0000000000dd60d0 .arith/sum 3, v0000000000dc5240_0, L_0000000001180628;
L_0000000000dd6d50 .functor MUXZ 3, v0000000000dc5240_0, L_0000000000dd60d0, L_0000000000dd9450, C4<>;
L_0000000000dd7890 .functor MUXZ 3, L_0000000000dd6d50, L_00000000011805e0, L_0000000000d59f20, C4<>;
L_0000000000dd6cb0 .cmp/eq 3, v0000000000dc5240_0, L_0000000001180670;
L_0000000000dd7070 .cmp/ne 3, v0000000000dc5240_0, L_00000000011806b8;
L_0000000000dd5ef0 .concat [ 2 3 3 0], L_0000000001180748, v0000000000dc5240_0, L_0000000001180700;
L_0000000000dd5f90 .cmp/eq 3, v0000000000dc5240_0, L_0000000001180790;
L_0000000000dd7b10 .part L_0000000000dd71b0, 0, 32;
L_0000000000dd6e90 .cmp/eq 3, v0000000000dc5240_0, L_00000000011807d8;
L_0000000000dd7110 .part L_0000000000dd71b0, 32, 32;
L_0000000000dd6030 .cmp/eq 3, v0000000000dc5240_0, L_0000000001180820;
L_0000000000dd6170 .part L_0000000000dd71b0, 64, 32;
L_0000000000dd6f30 .cmp/eq 3, v0000000000dc5240_0, L_0000000001180868;
L_0000000000dd7250 .part L_0000000000dd71b0, 96, 32;
L_0000000000dd63f0 .part L_0000000000dd71b0, 128, 32;
L_0000000000dd7390 .functor MUXZ 32, L_0000000000dd63f0, L_0000000000dd7250, L_0000000000dd6f30, C4<>;
L_0000000000dd6fd0 .functor MUXZ 32, L_0000000000dd7390, L_0000000000dd6170, L_0000000000dd6030, C4<>;
L_0000000000dd6490 .functor MUXZ 32, L_0000000000dd6fd0, L_0000000000dd7110, L_0000000000dd6e90, C4<>;
L_0000000000dd7570 .functor MUXZ 32, L_0000000000dd6490, L_0000000000dd7b10, L_0000000000dd5f90, C4<>;
    .scope S_0000000000d12d20;
T_0 ;
    %wait E_0000000000d69c40;
    %load/vec4 v0000000000dc4520_0;
    %nor/r;
    %flag_set/vec4 8;
    %jmp/0xz  T_0.0, 8;
    %pushi/vec4 5, 0, 3;
    %assign/vec4 v0000000000dc4660_0, 0;
    %jmp T_0.1;
T_0.0 ;
    %load/vec4 v0000000000dc4840_0;
    %assign/vec4 v0000000000dc4660_0, 0;
T_0.1 ;
    %jmp T_0;
    .thread T_0;
    .scope S_0000000000d12d20;
T_1 ;
    %wait E_0000000000d69c40;
    %load/vec4 v0000000000dc4520_0;
    %nor/r;
    %flag_set/vec4 8;
    %jmp/0xz  T_1.0, 8;
    %pushi/vec4 5, 0, 3;
    %assign/vec4 v0000000000dc5240_0, 0;
    %jmp T_1.1;
T_1.0 ;
    %load/vec4 v0000000000dc4340_0;
    %assign/vec4 v0000000000dc5240_0, 0;
T_1.1 ;
    %jmp T_1;
    .thread T_1;
# The file index is used to find the file name in the following table.
:file_names 3;
    "N/A";
    "<interactive>";
    "DmaRequest.v";
