+----------------+---------------+---------+--------------------------------------+
|       Time     |     TLP Type  | Payload |      End Point TLP Header            |
|       (ns)     |       (tag)   | (bytes) |                 (hex)                |
+----------------+---------------+---------+--------------------------------------+
|          58 RX |   CfgRd0 (00) | 0004    | 04000001_0000000F_01080090           |
|          58 TX |     CplD (00) | 0004    | 4A000001_00000004_00000000           |
|          59 RX |   CfgRd0 (00) | 0004    | 04000001_0000000F_01080080           |
|          59 RX |   CfgRd0 (01) | 0004    | 04000001_0000010F_01080084           |
|          59 RX |   CfgRd0 (02) | 0004    | 04000001_0000020F_010800A4           |
|          59 RX |   CfgRd0 (03) | 0004    | 04000001_0000030F_0108008C           |
|          59 TX |     CplD (00) | 0004    | 4A000001_00000004_00000000           |
|          59 TX |     CplD (01) | 0004    | 4A000001_00000004_00000100           |
|          59 TX |     CplD (02) | 0004    | 4A000001_00000004_00000200           |
|          59 TX |     CplD (03) | 0004    | 4A000001_00000004_00000300           |
|          60 RX |   CfgWr0 (00) | 0004    | 44000001_0000000F_01080088           |
|          60 TX |      Cpl (00) | 0000    | 0A000000_01080004_00000000           |
|          62 RX |   CfgRd0 (00) | 0004    | 04000001_0000000F_0108000C           |
|          62 TX |     CplD (00) | 0004    | 4A000001_01080004_00000000           |
|          62 RX |   CfgWr0 (00) | 0004    | 44000001_0000000F_01080010           |
|          62 RX |   CfgWr0 (01) | 0004    | 44000001_0000010F_01080014           |
|          63 RX |   CfgWr0 (02) | 0004    | 44000001_0000020F_01080018           |
|          63 RX |   CfgWr0 (03) | 0004    | 44000001_0000030F_0108001C           |
|          63 RX |   CfgWr0 (04) | 0004    | 44000001_0000040F_01080020           |
|          63 RX |   CfgWr0 (05) | 0004    | 44000001_0000050F_01080024           |
|          63 TX |      Cpl (00) | 0000    | 0A000000_01080004_00000000           |
|          63 RX |   CfgWr0 (06) | 0004    | 44000001_0000060F_01080030           |
|          63 TX |      Cpl (01) | 0000    | 0A000000_01080004_00000100           |
|          63 TX |      Cpl (02) | 0000    | 0A000000_01080004_00000200           |
|          63 TX |      Cpl (03) | 0000    | 0A000000_01080004_00000300           |
|          63 TX |      Cpl (04) | 0000    | 0A000000_01080004_00000400           |
|          63 TX |      Cpl (05) | 0000    | 0A000000_01080004_00000500           |
|          63 TX |      Cpl (06) | 0000    | 0A000000_01080004_00000600           |
|          63 RX |   CfgRd0 (00) | 0004    | 04000001_0000000F_01080010           |
|          63 RX |   CfgRd0 (01) | 0004    | 04000001_0000010F_01080014           |
|          63 RX |   CfgRd0 (02) | 0004    | 04000001_0000020F_01080018           |
|          63 RX |   CfgRd0 (03) | 0004    | 04000001_0000030F_0108001C           |
|          64 RX |   CfgRd0 (04) | 0004    | 04000001_0000040F_01080020           |
|          64 RX |   CfgRd0 (05) | 0004    | 04000001_0000050F_01080024           |
|          64 RX |   CfgRd0 (06) | 0004    | 04000001_0000060F_01080030           |
|          64 TX |     CplD (00) | 0004    | 4A000001_01080004_00000000           |
|          64 TX |     CplD (01) | 0004    | 4A000001_01080004_00000100           |
|          64 TX |     CplD (02) | 0004    | 4A000001_01080004_00000200           |
|          64 TX |     CplD (03) | 0004    | 4A000001_01080004_00000300           |
|          64 TX |     CplD (04) | 0004    | 4A000001_01080004_00000400           |
|          64 TX |     CplD (05) | 0004    | 4A000001_01080004_00000500           |
|          64 TX |     CplD (06) | 0004    | 4A000001_01080004_00000600           |
|          64 RX |   CfgWr0 (00) | 0004    | 44000001_0000000F_01080010           |
|          64 RX |   CfgWr0 (01) | 0004    | 44000001_0000010F_01080014           |
|          64 RX |   CfgWr0 (02) | 0004    | 44000001_0000020F_01080018           |
|          64 RX |   CfgWr0 (03) | 0004    | 44000001_0000030F_0108001C           |
|          64 RX |   CfgWr0 (04) | 0004    | 44000001_0000040F_01080020           |
|          64 TX |      Cpl (00) | 0000    | 0A000000_01080004_00000000           |
|          64 RX |   CfgWr0 (05) | 0004    | 44000001_0000050F_01080024           |
|          65 RX |   CfgWr0 (06) | 0004    | 44000001_0000060F_01080030           |
|          65 TX |      Cpl (01) | 0000    | 0A000000_01080004_00000100           |
|          65 TX |      Cpl (02) | 0000    | 0A000000_01080004_00000200           |
|          65 TX |      Cpl (03) | 0000    | 0A000000_01080004_00000300           |
|          65 TX |      Cpl (04) | 0000    | 0A000000_01080004_00000400           |
|          65 TX |      Cpl (05) | 0000    | 0A000000_01080004_00000500           |
|          65 TX |      Cpl (06) | 0000    | 0A000000_01080004_00000600           |
|          66 RX |   CfgWr0 (00) | 0004    | 44000001_0000000F_01080004           |
|          66 TX |      Cpl (00) | 0000    | 0A000000_01080004_00000000           |
|          66 RX |      MWr      | 0004    | 40000001_0000000F_80000000           |
|          66 RX |      MWr      | 0004    | 40000001_0000000F_80000004           |
|          66 RX |      MWr      | 0004    | 40000001_0000000F_80000008           |
|          66 RX |      MWr      | 0004    | 40000001_0000000F_8000000C           |
|          66 RX |      MWr      | 0004    | 40000001_0000000F_80000010           |
|          67 TX |      MRd (00) | 0256    | 00000040_010800FF_00006200           |
|          67 TX |      MRd (01) | 0064    | 00000010_010801FF_00006300           |
|          67 RX |     CplD (00) | 0256    | 4A000040_00000100_01080000           |
|          67 RX |     CplD (01) | 0064    | 4A000010_00000040_01080100           |
|          68 TX |      MRd (02) | 0128    | 00000020_010802FF_00000000           |
|          68 TX |      MRd (03) | 0128    | 00000020_010803FF_00000100           |
|          68 TX |      MRd (04) | 0128    | 00000020_010804FF_00000200           |
|          68 TX |      MRd (05) | 0128    | 00000020_010805FF_00000300           |
|          68 TX |      MRd (06) | 0128    | 00000020_010806FF_00000400           |
|          68 TX |      MRd (07) | 0128    | 00000020_010807FF_00000500           |
|          68 TX |      MRd (08) | 0128    | 00000020_010808FF_00000600           |
|          68 TX |      MRd (09) | 0128    | 00000020_010809FF_00000700           |
|          68 TX |      MRd (10) | 0128    | 00000020_01080AFF_00000800           |
|          68 TX |      MRd (11) | 0128    | 00000020_01080BFF_00000900           |
|          68 RX |     CplD (02) | 0128    | 4A000020_00000080_01080200           |
|          68 RX |     CplD (03) | 0128    | 4A000020_00000080_01080300           |
|          68 RX |     CplD (04) | 0128    | 4A000020_00000080_01080400           |
|          68 RX |     CplD (05) | 0128    | 4A000020_00000080_01080500           |
|          68 RX |     CplD (06) | 0128    | 4A000020_00000080_01080600           |
|          68 RX |     CplD (07) | 0128    | 4A000020_00000080_01080700           |
|          68 RX |     CplD (08) | 0128    | 4A000020_00000080_01080800           |
|          68 RX |     CplD (09) | 0128    | 4A000020_00000080_01080900           |
|          68 RX |     CplD (10) | 0128    | 4A000020_00000080_01080A00           |
|          68 RX |     CplD (11) | 0128    | 4A000020_00000080_01080B00           |
|          69 TX |      MWr      | 0004    | 40000001_0108200F_00006024           |
|          69 RX |      MWr      | 0004    | 40000001_0000000F_80000100           |
|          69 RX |      MWr      | 0004    | 40000001_0000000F_80000104           |
|          69 RX |      MWr      | 0004    | 40000001_0000000F_80000108           |
|          69 RX |      MWr      | 0004    | 40000001_0000000F_8000010C           |
|          69 RX |      MWr      | 0004    | 40000001_0000000F_80000110           |
|          70 TX |      MRd (12) | 0256    | 00000040_01080CFF_00007200           |
|          70 TX |      MRd (13) | 0064    | 00000010_01080DFF_00007300           |
|          70 RX |     CplD (12) | 0256    | 4A000040_00000100_01080C00           |
|          70 RX |     CplD (13) | 0064    | 4A000010_00000040_01080D00           |
|          71 TX |      MWr      | 0128    | 40000020_010800FF_00004000           |
|          71 TX |      MWr      | 0128    | 40000020_010800FF_00004100           |
|          71 TX |      MWr      | 0128    | 40000020_010800FF_00004200           |
|          71 TX |      MWr      | 0128    | 40000020_010800FF_00004300           |
|          71 TX |      MWr      | 0128    | 40000020_010800FF_00004400           |
|          71 TX |      MWr      | 0128    | 40000020_010800FF_00004500           |
|          71 TX |      MWr      | 0128    | 40000020_010800FF_00004600           |
|          71 TX |      MWr      | 0128    | 40000020_010800FF_00004700           |
|          71 TX |      MWr      | 0128    | 40000020_010800FF_00004900           |
|          71 TX |      MWr      | 0004    | 40000001_0108200F_00007024           |
