Info: Generated by version: 17.1.2 build 304
Info: Starting: Create simulation model
Info: qsys-generate /tmp/alt8047_3867995321563648379.dir/0002_alt_em10g32_0_gen/rtl/phy/altera_eth_10gbaser_phy.ip --simulation=VERILOG --allow-mixed-language-simulation --output-directory=/tmp/alt8047_3867995321563648379.dir/0002_alt_em10g32_0_gen/rtl/phy/altera_eth_10gbaser_phy --family="Arria 10" --part=10AT115S2F45E2SG
Info: altera_eth_10gbaser_phy.xcvr_native_a10_0: Simplified data interface has been enabled. The Native PHY will present the data/control interface for the current configuration only. Dynamic reconfiguration of the data interface cannot be supported. The unused_tx_parallel_data and unused_tx_control ports should be connected to 0.
Info: altera_eth_10gbaser_phy.xcvr_native_a10_0: The "tx_pma_div_clkout" port should not be used for register mode data transfers (Relevant parameter: "Enable tx_pma_div_clkout port" (enable_port_tx_pma_div_clkout)).
Info: altera_eth_10gbaser_phy.xcvr_native_a10_0: The "rx_pma_div_clkout" port should not be used for register mode data transfers (Relevant parameter: "Enable rx_pma_div_clkout port" (enable_port_rx_pma_div_clkout)).
Info: altera_eth_10gbaser_phy.xcvr_native_a10_0: Note - When dynamic reconfiguration is enabled, users are recommended to enable multiple reconfiguration profiles for Quartus to perform robust timing closure
Info: altera_eth_10gbaser_phy.xcvr_native_a10_0: For the selected device(10AT115S2F45E2SG), transceiver speed grade is 2 and core speed grade is 2.
Info: altera_eth_10gbaser_phy.xcvr_native_a10_0: Note - The external TX PLL IP must be configured with an output clock frequency of 5156.25 MHz.
Info: altera_eth_10gbaser_phy: "Transforming system: altera_eth_10gbaser_phy"
Info: altera_eth_10gbaser_phy: Running transform generation_view_transform
Info: altera_eth_10gbaser_phy: Running transform generation_view_transform took 0.001s
Info: xcvr_native_a10_0: Running transform generation_view_transform
Info: xcvr_native_a10_0: Running transform generation_view_transform took 0.000s
Info: altera_eth_10gbaser_phy: Running transform interconnect_transform_chooser
Info: altera_eth_10gbaser_phy: Running transform interconnect_transform_chooser took 0.129s
Info: altera_eth_10gbaser_phy: "Naming system components in system: altera_eth_10gbaser_phy"
Info: altera_eth_10gbaser_phy: "Processing generation queue"
Info: altera_eth_10gbaser_phy: "Generating: altera_eth_10gbaser_phy"
Info: altera_eth_10gbaser_phy: "Generating: altera_eth_10gbaser_phy_altera_xcvr_native_a10_1711_am4p5cy"
Info: xcvr_native_a10_0: add_fileset_file ./alt_xcvr_resync.sv SYSTEM_VERILOG PATH ../../../../altera_xcvr_generic/ctrl/alt_xcvr_resync.sv
Info: xcvr_native_a10_0: add_fileset_file ./alt_xcvr_arbiter.sv SYSTEM_VERILOG PATH ../../../../altera_xcvr_generic/ctrl/alt_xcvr_arbiter.sv
Info: xcvr_native_a10_0: add_fileset_file ./mentor/alt_xcvr_resync.sv SYSTEM_VERILOG_ENCRYPT PATH ../../../../altera_xcvr_generic/mentor/ctrl/alt_xcvr_resync.sv MENTOR_SPECIFIC
Info: xcvr_native_a10_0: add_fileset_file ./mentor/alt_xcvr_arbiter.sv SYSTEM_VERILOG_ENCRYPT PATH ../../../../altera_xcvr_generic/mentor/ctrl/alt_xcvr_arbiter.sv MENTOR_SPECIFIC
Info: xcvr_native_a10_0: add_fileset_file ./twentynm_pcs.sv SYSTEM_VERILOG PATH ../../../alt_xcvr_core/nf/twentynm_pcs.sv
Info: xcvr_native_a10_0: add_fileset_file ./twentynm_pma.sv SYSTEM_VERILOG PATH ../../../alt_xcvr_core/nf/twentynm_pma.sv
Info: xcvr_native_a10_0: add_fileset_file ./twentynm_xcvr_avmm.sv SYSTEM_VERILOG PATH ../../../alt_xcvr_core/nf/twentynm_xcvr_avmm.sv
Info: xcvr_native_a10_0: add_fileset_file ./twentynm_xcvr_native.sv SYSTEM_VERILOG PATH ../../../alt_xcvr_core/nf/twentynm_xcvr_native.sv
Info: xcvr_native_a10_0: add_fileset_file ./mentor/twentynm_pcs.sv SYSTEM_VERILOG_ENCRYPT PATH ../../../alt_xcvr_core/nf/mentor/twentynm_pcs.sv MENTOR_SPECIFIC
Info: xcvr_native_a10_0: add_fileset_file ./mentor/twentynm_pma.sv SYSTEM_VERILOG_ENCRYPT PATH ../../../alt_xcvr_core/nf/mentor/twentynm_pma.sv MENTOR_SPECIFIC
Info: xcvr_native_a10_0: add_fileset_file ./mentor/twentynm_xcvr_avmm.sv SYSTEM_VERILOG_ENCRYPT PATH ../../../alt_xcvr_core/nf/mentor/twentynm_xcvr_avmm.sv MENTOR_SPECIFIC
Info: xcvr_native_a10_0: add_fileset_file ./mentor/twentynm_xcvr_native.sv SYSTEM_VERILOG_ENCRYPT PATH ../../../alt_xcvr_core/nf/mentor/twentynm_xcvr_native.sv MENTOR_SPECIFIC
Info: xcvr_native_a10_0: add_fileset_file ./altera_xcvr_native_a10_functions_h.sv SYSTEM_VERILOG PATH ..//altera_xcvr_native_a10_functions_h.sv
Info: xcvr_native_a10_0: add_fileset_file ./a10_avmm_h.sv SYSTEM_VERILOG PATH ..//a10_avmm_h.sv
Info: xcvr_native_a10_0: add_fileset_file ./alt_xcvr_native_pipe_retry.sv SYSTEM_VERILOG PATH ..//alt_xcvr_native_pipe_retry.sv
Info: xcvr_native_a10_0: add_fileset_file ./alt_xcvr_native_avmm_csr.sv SYSTEM_VERILOG PATH ..//alt_xcvr_native_avmm_csr.sv
Info: xcvr_native_a10_0: add_fileset_file ./alt_xcvr_native_prbs_accum.sv SYSTEM_VERILOG PATH ..//alt_xcvr_native_prbs_accum.sv
Info: xcvr_native_a10_0: add_fileset_file ./alt_xcvr_native_odi_accel.sv SYSTEM_VERILOG PATH ..//alt_xcvr_native_odi_accel.sv
Info: xcvr_native_a10_0: add_fileset_file ./alt_xcvr_native_rcfg_arb.sv SYSTEM_VERILOG PATH ..//alt_xcvr_native_rcfg_arb.sv
Info: xcvr_native_a10_0: add_fileset_file ./altera_xcvr_native_pcie_dfe_params_h.sv SYSTEM_VERILOG PATH ../pcie_dfe_ip/altera_xcvr_native_pcie_dfe_params_h.sv
Info: xcvr_native_a10_0: add_fileset_file ./pcie_mgmt_commands_h.sv SYSTEM_VERILOG PATH ../pcie_dfe_ip/pcie_mgmt_commands_h.sv
Info: xcvr_native_a10_0: add_fileset_file ./pcie_mgmt_functions_h.sv SYSTEM_VERILOG PATH ../pcie_dfe_ip/pcie_mgmt_functions_h.sv
Info: xcvr_native_a10_0: add_fileset_file ./pcie_mgmt_program.sv SYSTEM_VERILOG PATH ../pcie_dfe_ip/pcie_mgmt_program.sv
Info: xcvr_native_a10_0: add_fileset_file ./pcie_mgmt_cpu.sv SYSTEM_VERILOG PATH ../pcie_dfe_ip/pcie_mgmt_cpu.sv
Info: xcvr_native_a10_0: add_fileset_file ./pcie_mgmt_master.sv SYSTEM_VERILOG PATH ../pcie_dfe_ip/pcie_mgmt_master.sv
Info: xcvr_native_a10_0: add_fileset_file ./altera_xcvr_native_pcie_dfe_ip.sv SYSTEM_VERILOG PATH ../pcie_dfe_ip/altera_xcvr_native_pcie_dfe_ip.sv
Info: xcvr_native_a10_0: Building configuration data for reconfiguration profile 0
Info: altera_eth_10gbaser_phy: Done "altera_eth_10gbaser_phy" with 2 modules, 35 files
Info: qsys-generate succeeded.
Info: Finished: Create simulation model
Info: Starting: Create Modelsim Project.
Info: sim-script-gen --spd=/tmp/alt8047_3867995321563648379.dir/0002_alt_em10g32_0_gen/rtl/phy/altera_eth_10gbaser_phy/altera_eth_10gbaser_phy.spd --output-directory=/tmp/alt8047_3867995321563648379.dir/0002_alt_em10g32_0_gen/rtl/phy/altera_eth_10gbaser_phy/sim/ --use-relative-paths=true
Info: Doing: ip-make-simscript --spd=/tmp/alt8047_3867995321563648379.dir/0002_alt_em10g32_0_gen/rtl/phy/altera_eth_10gbaser_phy/altera_eth_10gbaser_phy.spd --output-directory=/tmp/alt8047_3867995321563648379.dir/0002_alt_em10g32_0_gen/rtl/phy/altera_eth_10gbaser_phy/sim/ --use-relative-paths=true
Info: Generating the following file(s) for MODELSIM simulator in /tmp/alt8047_3867995321563648379.dir/0002_alt_em10g32_0_gen/rtl/phy/altera_eth_10gbaser_phy/sim/ directory:
Info: 	mentor/msim_setup.tcl
Info: Generating the following file(s) for VCS simulator in /tmp/alt8047_3867995321563648379.dir/0002_alt_em10g32_0_gen/rtl/phy/altera_eth_10gbaser_phy/sim/ directory:
Info: 	synopsys/vcs/vcs_setup.sh
Info: Generating the following file(s) for VCSMX simulator in /tmp/alt8047_3867995321563648379.dir/0002_alt_em10g32_0_gen/rtl/phy/altera_eth_10gbaser_phy/sim/ directory:
Info: 	synopsys/vcsmx/synopsys_sim.setup
Info: 	synopsys/vcsmx/vcsmx_setup.sh
Info: Generating the following file(s) for NCSIM simulator in /tmp/alt8047_3867995321563648379.dir/0002_alt_em10g32_0_gen/rtl/phy/altera_eth_10gbaser_phy/sim/ directory:
Info: 	cadence/cds.lib
Info: 	cadence/hdl.var
Info: 	cadence/ncsim_setup.sh
Info: 	3 .cds.lib files in cadence/cds_libs/ directory
Info: Generating the following file(s) for RIVIERA simulator in /tmp/alt8047_3867995321563648379.dir/0002_alt_em10g32_0_gen/rtl/phy/altera_eth_10gbaser_phy/sim/ directory:
Info: 	aldec/rivierapro_setup.tcl
Info: For information on how to simulate your IP, see the explanatory comments in the simulator-specific subdirectories under /tmp/alt8047_3867995321563648379.dir/0002_alt_em10g32_0_gen/rtl/phy/altera_eth_10gbaser_phy/sim/.
Info: Regenerate these scripts whenever you make any change to any Quartus-generated IP in your project.
Info: Finished: Create Modelsim Project.
Info: 
Info: Starting: Create HDL design files for synthesis
Info: qsys-generate /tmp/alt8047_3867995321563648379.dir/0002_alt_em10g32_0_gen/rtl/phy/altera_eth_10gbaser_phy.ip --synthesis=VERILOG --output-directory=/tmp/alt8047_3867995321563648379.dir/0002_alt_em10g32_0_gen/rtl/phy/altera_eth_10gbaser_phy --family="Arria 10" --part=10AT115S2F45E2SG
Info: altera_eth_10gbaser_phy.xcvr_native_a10_0: Simplified data interface has been enabled. The Native PHY will present the data/control interface for the current configuration only. Dynamic reconfiguration of the data interface cannot be supported. The unused_tx_parallel_data and unused_tx_control ports should be connected to 0.
Info: altera_eth_10gbaser_phy.xcvr_native_a10_0: The "tx_pma_div_clkout" port should not be used for register mode data transfers (Relevant parameter: "Enable tx_pma_div_clkout port" (enable_port_tx_pma_div_clkout)).
Info: altera_eth_10gbaser_phy.xcvr_native_a10_0: The "rx_pma_div_clkout" port should not be used for register mode data transfers (Relevant parameter: "Enable rx_pma_div_clkout port" (enable_port_rx_pma_div_clkout)).
Info: altera_eth_10gbaser_phy.xcvr_native_a10_0: Note - When dynamic reconfiguration is enabled, users are recommended to enable multiple reconfiguration profiles for Quartus to perform robust timing closure
Info: altera_eth_10gbaser_phy.xcvr_native_a10_0: For the selected device(10AT115S2F45E2SG), transceiver speed grade is 2 and core speed grade is 2.
Info: altera_eth_10gbaser_phy.xcvr_native_a10_0: Note - The external TX PLL IP must be configured with an output clock frequency of 5156.25 MHz.
Info: altera_eth_10gbaser_phy: "Transforming system: altera_eth_10gbaser_phy"
Info: altera_eth_10gbaser_phy: Running transform generation_view_transform
Info: altera_eth_10gbaser_phy: Running transform generation_view_transform took 0.000s
Info: xcvr_native_a10_0: Running transform generation_view_transform
Info: xcvr_native_a10_0: Running transform generation_view_transform took 0.000s
Info: altera_eth_10gbaser_phy: Running transform interconnect_transform_chooser
Info: altera_eth_10gbaser_phy: Running transform interconnect_transform_chooser took 0.011s
Info: altera_eth_10gbaser_phy: "Naming system components in system: altera_eth_10gbaser_phy"
Info: altera_eth_10gbaser_phy: "Processing generation queue"
Info: altera_eth_10gbaser_phy: "Generating: altera_eth_10gbaser_phy"
Info: altera_eth_10gbaser_phy: "Generating: altera_eth_10gbaser_phy_altera_xcvr_native_a10_1711_am4p5cy"
Info: xcvr_native_a10_0: add_fileset_file ./alt_xcvr_resync.sv SYSTEM_VERILOG PATH ../../../../altera_xcvr_generic/ctrl/alt_xcvr_resync.sv
Info: xcvr_native_a10_0: add_fileset_file ./alt_xcvr_arbiter.sv SYSTEM_VERILOG PATH ../../../../altera_xcvr_generic/ctrl/alt_xcvr_arbiter.sv
Info: xcvr_native_a10_0: add_fileset_file ./twentynm_pcs.sv SYSTEM_VERILOG PATH ../../../alt_xcvr_core/nf/twentynm_pcs.sv
Info: xcvr_native_a10_0: add_fileset_file ./twentynm_pma.sv SYSTEM_VERILOG PATH ../../../alt_xcvr_core/nf/twentynm_pma.sv
Info: xcvr_native_a10_0: add_fileset_file ./twentynm_xcvr_avmm.sv SYSTEM_VERILOG PATH ../../../alt_xcvr_core/nf/twentynm_xcvr_avmm.sv
Info: xcvr_native_a10_0: add_fileset_file ./twentynm_xcvr_native.sv SYSTEM_VERILOG PATH ../../../alt_xcvr_core/nf/twentynm_xcvr_native.sv
Info: xcvr_native_a10_0: add_fileset_file ./altera_xcvr_native_a10_functions_h.sv SYSTEM_VERILOG PATH ..//altera_xcvr_native_a10_functions_h.sv
Info: xcvr_native_a10_0: add_fileset_file ./a10_avmm_h.sv SYSTEM_VERILOG PATH ..//a10_avmm_h.sv
Info: xcvr_native_a10_0: add_fileset_file ./alt_xcvr_native_pipe_retry.sv SYSTEM_VERILOG PATH ..//alt_xcvr_native_pipe_retry.sv
Info: xcvr_native_a10_0: add_fileset_file ./alt_xcvr_native_avmm_csr.sv SYSTEM_VERILOG PATH ..//alt_xcvr_native_avmm_csr.sv
Info: xcvr_native_a10_0: add_fileset_file ./alt_xcvr_native_prbs_accum.sv SYSTEM_VERILOG PATH ..//alt_xcvr_native_prbs_accum.sv
Info: xcvr_native_a10_0: add_fileset_file ./alt_xcvr_native_odi_accel.sv SYSTEM_VERILOG PATH ..//alt_xcvr_native_odi_accel.sv
Info: xcvr_native_a10_0: add_fileset_file ./alt_xcvr_native_rcfg_arb.sv SYSTEM_VERILOG PATH ..//alt_xcvr_native_rcfg_arb.sv
Info: xcvr_native_a10_0: add_fileset_file ./altera_xcvr_native_a10_false_paths.sdc SDC PATH ..//altera_xcvr_native_a10_false_paths.sdc
Info: xcvr_native_a10_0: add_fileset_file ./altera_xcvr_native_pcie_dfe_params_h.sv SYSTEM_VERILOG PATH ../pcie_dfe_ip/altera_xcvr_native_pcie_dfe_params_h.sv
Info: xcvr_native_a10_0: add_fileset_file ./pcie_mgmt_commands_h.sv SYSTEM_VERILOG PATH ../pcie_dfe_ip/pcie_mgmt_commands_h.sv
Info: xcvr_native_a10_0: add_fileset_file ./pcie_mgmt_functions_h.sv SYSTEM_VERILOG PATH ../pcie_dfe_ip/pcie_mgmt_functions_h.sv
Info: xcvr_native_a10_0: add_fileset_file ./pcie_mgmt_program.sv SYSTEM_VERILOG PATH ../pcie_dfe_ip/pcie_mgmt_program.sv
Info: xcvr_native_a10_0: add_fileset_file ./pcie_mgmt_cpu.sv SYSTEM_VERILOG PATH ../pcie_dfe_ip/pcie_mgmt_cpu.sv
Info: xcvr_native_a10_0: add_fileset_file ./pcie_mgmt_master.sv SYSTEM_VERILOG PATH ../pcie_dfe_ip/pcie_mgmt_master.sv
Info: xcvr_native_a10_0: add_fileset_file ./altera_xcvr_native_pcie_dfe_ip.sv SYSTEM_VERILOG PATH ../pcie_dfe_ip/altera_xcvr_native_pcie_dfe_ip.sv
Info: xcvr_native_a10_0: Building configuration data for reconfiguration profile 0
Info: altera_eth_10gbaser_phy: Done "altera_eth_10gbaser_phy" with 2 modules, 26 files
Info: qsys-generate succeeded.
Info: Finished: Create HDL design files for synthesis
Info: Starting: IP-XACT
Info: qsys-generate /tmp/alt8047_3867995321563648379.dir/0002_alt_em10g32_0_gen/rtl/phy/altera_eth_10gbaser_phy.ip --synthesis=VERILOG --ipxact --output-directory=/tmp/alt8047_3867995321563648379.dir/0002_alt_em10g32_0_gen/rtl/phy/altera_eth_10gbaser_phy --family="Arria 10" --part=10AT115S2F45E2SG
Info: Finished: IP-XACT
